<?xml version="1.0" encoding="UTF-8"?>
<testsuite xmlns:xsi="http://www.w3.org/2001/XMLSchema-instance" xsi:noNamespaceSchemaLocation="https://maven.apache.org/surefire/maven-surefire-plugin/xsd/surefire-test-report-3.0.xsd" version="3.0" name="TestSuite" time="6.919" tests="7" errors="0" skipped="0" failures="0">
  <properties>
    <property name="surefire.suiteXmlFiles" value="testng.xml"/>
    <property name="java.specification.version" value="21"/>
    <property name="sun.jnu.encoding" value="UTF-8"/>
    <property name="java.class.path" value="/Users/efetoborobominuru/Documents/sf-em-restAssured-Tests/target/test-classes:/Users/efetoborobominuru/Documents/sf-em-restAssured-Tests/target/classes:/Users/efetoborobominuru/.m2/repository/io/rest-assured/rest-assured/5.3.0/rest-assured-5.3.0.jar:/Users/efetoborobominuru/.m2/repository/org/apache/groovy/groovy/4.0.6/groovy-4.0.6.jar:/Users/efetoborobominuru/.m2/repository/org/apache/groovy/groovy-xml/4.0.6/groovy-xml-4.0.6.jar:/Users/efetoborobominuru/.m2/repository/org/apache/httpcomponents/httpclient/4.5.13/httpclient-4.5.13.jar:/Users/efetoborobominuru/.m2/repository/org/apache/httpcomponents/httpcore/4.4.13/httpcore-4.4.13.jar:/Users/efetoborobominuru/.m2/repository/commons-logging/commons-logging/1.2/commons-logging-1.2.jar:/Users/efetoborobominuru/.m2/repository/org/apache/httpcomponents/httpmime/4.5.13/httpmime-4.5.13.jar:/Users/efetoborobominuru/.m2/repository/org/hamcrest/hamcrest/2.1/hamcrest-2.1.jar:/Users/efetoborobominuru/.m2/repository/org/ccil/cowan/tagsoup/tagsoup/1.2.1/tagsoup-1.2.1.jar:/Users/efetoborobominuru/.m2/repository/io/rest-assured/xml-path/5.3.0/xml-path-5.3.0.jar:/Users/efetoborobominuru/.m2/repository/io/rest-assured/rest-assured-common/5.3.0/rest-assured-common-5.3.0.jar:/Users/efetoborobominuru/.m2/repository/org/apache/commons/commons-lang3/3.11/commons-lang3-3.11.jar:/Users/efetoborobominuru/.m2/repository/io/rest-assured/json-path/5.3.0/json-path-5.3.0.jar:/Users/efetoborobominuru/.m2/repository/org/apache/groovy/groovy-json/4.0.6/groovy-json-4.0.6.jar:/Users/efetoborobominuru/.m2/repository/org/json/json/20230227/json-20230227.jar:/Users/efetoborobominuru/.m2/repository/com/github/javafaker/javafaker/1.0.2/javafaker-1.0.2.jar:/Users/efetoborobominuru/.m2/repository/org/yaml/snakeyaml/1.23/snakeyaml-1.23-android.jar:/Users/efetoborobominuru/.m2/repository/com/github/mifmif/generex/1.0.2/generex-1.0.2.jar:/Users/efetoborobominuru/.m2/repository/dk/brics/automaton/automaton/1.11-8/automaton-1.11-8.jar:/Users/efetoborobominuru/.m2/repository/com/aventstack/extentreports/5.0.9/extentreports-5.0.9.jar:/Users/efetoborobominuru/.m2/repository/io/reactivex/rxjava3/rxjava/3.0.4/rxjava-3.0.4.jar:/Users/efetoborobominuru/.m2/repository/org/reactivestreams/reactive-streams/1.0.3/reactive-streams-1.0.3.jar:/Users/efetoborobominuru/.m2/repository/org/freemarker/freemarker/2.3.30/freemarker-2.3.30.jar:/Users/efetoborobominuru/.m2/repository/com/google/code/gson/gson/2.8.6/gson-2.8.6.jar:/Users/efetoborobominuru/.m2/repository/org/apache/logging/log4j/log4j-api/2.20.0/log4j-api-2.20.0.jar:/Users/efetoborobominuru/.m2/repository/org/apache/logging/log4j/log4j-core/2.20.0/log4j-core-2.20.0.jar:/Users/efetoborobominuru/.m2/repository/org/apache/poi/poi/5.2.3/poi-5.2.3.jar:/Users/efetoborobominuru/.m2/repository/commons-codec/commons-codec/1.15/commons-codec-1.15.jar:/Users/efetoborobominuru/.m2/repository/org/apache/commons/commons-collections4/4.4/commons-collections4-4.4.jar:/Users/efetoborobominuru/.m2/repository/org/apache/commons/commons-math3/3.6.1/commons-math3-3.6.1.jar:/Users/efetoborobominuru/.m2/repository/commons-io/commons-io/2.11.0/commons-io-2.11.0.jar:/Users/efetoborobominuru/.m2/repository/com/zaxxer/SparseBitSet/1.2/SparseBitSet-1.2.jar:/Users/efetoborobominuru/.m2/repository/org/apache/poi/poi-ooxml/5.2.3/poi-ooxml-5.2.3.jar:/Users/efetoborobominuru/.m2/repository/org/apache/poi/poi-ooxml-lite/5.2.3/poi-ooxml-lite-5.2.3.jar:/Users/efetoborobominuru/.m2/repository/org/apache/xmlbeans/xmlbeans/5.1.1/xmlbeans-5.1.1.jar:/Users/efetoborobominuru/.m2/repository/org/apache/commons/commons-compress/1.21/commons-compress-1.21.jar:/Users/efetoborobominuru/.m2/repository/com/github/virtuald/curvesapi/1.07/curvesapi-1.07.jar:/Users/efetoborobominuru/.m2/repository/org/testng/testng/7.7.1/testng-7.7.1.jar:/Users/efetoborobominuru/.m2/repository/org/slf4j/slf4j-api/1.7.36/slf4j-api-1.7.36.jar:/Users/efetoborobominuru/.m2/repository/com/beust/jcommander/1.82/jcommander-1.82.jar:/Users/efetoborobominuru/.m2/repository/org/webjars/jquery/3.6.1/jquery-3.6.1.jar:/Users/efetoborobominuru/.m2/repository/io/rest-assured/json-schema-validator/5.3.0/json-schema-validator-5.3.0.jar:/Users/efetoborobominuru/.m2/repository/com/github/java-json-tools/json-schema-validator/2.2.14/json-schema-validator-2.2.14.jar:/Users/efetoborobominuru/.m2/repository/com/google/guava/guava/28.2-android/guava-28.2-android.jar:/Users/efetoborobominuru/.m2/repository/com/google/guava/failureaccess/1.0.1/failureaccess-1.0.1.jar:/Users/efetoborobominuru/.m2/repository/com/google/guava/listenablefuture/9999.0-empty-to-avoid-conflict-with-guava/listenablefuture-9999.0-empty-to-avoid-conflict-with-guava.jar:/Users/efetoborobominuru/.m2/repository/org/checkerframework/checker-compat-qual/2.5.5/checker-compat-qual-2.5.5.jar:/Users/efetoborobominuru/.m2/repository/com/google/errorprone/error_prone_annotations/2.3.4/error_prone_annotations-2.3.4.jar:/Users/efetoborobominuru/.m2/repository/com/google/j2objc/j2objc-annotations/1.3/j2objc-annotations-1.3.jar:/Users/efetoborobominuru/.m2/repository/com/github/java-json-tools/jackson-coreutils-equivalence/1.0/jackson-coreutils-equivalence-1.0.jar:/Users/efetoborobominuru/.m2/repository/com/github/java-json-tools/jackson-coreutils/2.0/jackson-coreutils-2.0.jar:/Users/efetoborobominuru/.m2/repository/com/github/java-json-tools/msg-simple/1.2/msg-simple-1.2.jar:/Users/efetoborobominuru/.m2/repository/com/github/java-json-tools/btf/1.3/btf-1.3.jar:/Users/efetoborobominuru/.m2/repository/com/github/java-json-tools/json-schema-core/1.2.14/json-schema-core-1.2.14.jar:/Users/efetoborobominuru/.m2/repository/com/github/java-json-tools/uri-template/0.10/uri-template-0.10.jar:/Users/efetoborobominuru/.m2/repository/org/mozilla/rhino/1.7.7.2/rhino-1.7.7.2.jar:/Users/efetoborobominuru/.m2/repository/com/sun/mail/mailapi/1.6.2/mailapi-1.6.2.jar:/Users/efetoborobominuru/.m2/repository/joda-time/joda-time/2.10.5/joda-time-2.10.5.jar:/Users/efetoborobominuru/.m2/repository/com/googlecode/libphonenumber/libphonenumber/8.11.1/libphonenumber-8.11.1.jar:/Users/efetoborobominuru/.m2/repository/com/google/code/findbugs/jsr305/3.0.2/jsr305-3.0.2.jar:/Users/efetoborobominuru/.m2/repository/net/sf/jopt-simple/jopt-simple/5.0.4/jopt-simple-5.0.4.jar:/Users/efetoborobominuru/.m2/repository/com/fasterxml/jackson/core/jackson-databind/2.14.2/jackson-databind-2.14.2.jar:/Users/efetoborobominuru/.m2/repository/com/fasterxml/jackson/core/jackson-annotations/2.14.2/jackson-annotations-2.14.2.jar:/Users/efetoborobominuru/.m2/repository/com/fasterxml/jackson/core/jackson-core/2.14.2/jackson-core-2.14.2.jar:/Users/efetoborobominuru/.m2/repository/org/projectlombok/lombok/1.18.30/lombok-1.18.30.jar:"/>
    <property name="java.vm.vendor" value="Homebrew"/>
    <property name="sun.arch.data.model" value="64"/>
    <property name="java.vendor.url" value="https://github.com/Homebrew/homebrew-core/issues"/>
    <property name="user.timezone" value="Europe/London"/>
    <property name="bookingType" value="REGULAR"/>
    <property name="os.name" value="Mac OS X"/>
    <property name="java.vm.specification.version" value="21"/>
    <property name="sun.java.launcher" value="SUN_STANDARD"/>
    <property name="user.country" value="GB"/>
    <property name="sun.boot.library.path" value="/opt/homebrew/Cellar/openjdk/21.0.2/libexec/openjdk.jdk/Contents/Home/lib"/>
    <property name="sun.java.command" value="/Users/efetoborobominuru/Documents/sf-em-restAssured-Tests/target/surefire/surefirebooter-20250805224147914_3.jar /Users/efetoborobominuru/Documents/sf-em-restAssured-Tests/target/surefire 2025-08-05T22-41-47_874-jvmRun1 surefire-20250805224147914_1tmp surefire_0-20250805224147914_2tmp"/>
    <property name="jdk.debug" value="release"/>
    <property name="surefire.test.class.path" value="/Users/efetoborobominuru/Documents/sf-em-restAssured-Tests/target/test-classes:/Users/efetoborobominuru/Documents/sf-em-restAssured-Tests/target/classes:/Users/efetoborobominuru/.m2/repository/io/rest-assured/rest-assured/5.3.0/rest-assured-5.3.0.jar:/Users/efetoborobominuru/.m2/repository/org/apache/groovy/groovy/4.0.6/groovy-4.0.6.jar:/Users/efetoborobominuru/.m2/repository/org/apache/groovy/groovy-xml/4.0.6/groovy-xml-4.0.6.jar:/Users/efetoborobominuru/.m2/repository/org/apache/httpcomponents/httpclient/4.5.13/httpclient-4.5.13.jar:/Users/efetoborobominuru/.m2/repository/org/apache/httpcomponents/httpcore/4.4.13/httpcore-4.4.13.jar:/Users/efetoborobominuru/.m2/repository/commons-logging/commons-logging/1.2/commons-logging-1.2.jar:/Users/efetoborobominuru/.m2/repository/org/apache/httpcomponents/httpmime/4.5.13/httpmime-4.5.13.jar:/Users/efetoborobominuru/.m2/repository/org/hamcrest/hamcrest/2.1/hamcrest-2.1.jar:/Users/efetoborobominuru/.m2/repository/org/ccil/cowan/tagsoup/tagsoup/1.2.1/tagsoup-1.2.1.jar:/Users/efetoborobominuru/.m2/repository/io/rest-assured/xml-path/5.3.0/xml-path-5.3.0.jar:/Users/efetoborobominuru/.m2/repository/io/rest-assured/rest-assured-common/5.3.0/rest-assured-common-5.3.0.jar:/Users/efetoborobominuru/.m2/repository/org/apache/commons/commons-lang3/3.11/commons-lang3-3.11.jar:/Users/efetoborobominuru/.m2/repository/io/rest-assured/json-path/5.3.0/json-path-5.3.0.jar:/Users/efetoborobominuru/.m2/repository/org/apache/groovy/groovy-json/4.0.6/groovy-json-4.0.6.jar:/Users/efetoborobominuru/.m2/repository/org/json/json/20230227/json-20230227.jar:/Users/efetoborobominuru/.m2/repository/com/github/javafaker/javafaker/1.0.2/javafaker-1.0.2.jar:/Users/efetoborobominuru/.m2/repository/org/yaml/snakeyaml/1.23/snakeyaml-1.23-android.jar:/Users/efetoborobominuru/.m2/repository/com/github/mifmif/generex/1.0.2/generex-1.0.2.jar:/Users/efetoborobominuru/.m2/repository/dk/brics/automaton/automaton/1.11-8/automaton-1.11-8.jar:/Users/efetoborobominuru/.m2/repository/com/aventstack/extentreports/5.0.9/extentreports-5.0.9.jar:/Users/efetoborobominuru/.m2/repository/io/reactivex/rxjava3/rxjava/3.0.4/rxjava-3.0.4.jar:/Users/efetoborobominuru/.m2/repository/org/reactivestreams/reactive-streams/1.0.3/reactive-streams-1.0.3.jar:/Users/efetoborobominuru/.m2/repository/org/freemarker/freemarker/2.3.30/freemarker-2.3.30.jar:/Users/efetoborobominuru/.m2/repository/com/google/code/gson/gson/2.8.6/gson-2.8.6.jar:/Users/efetoborobominuru/.m2/repository/org/apache/logging/log4j/log4j-api/2.20.0/log4j-api-2.20.0.jar:/Users/efetoborobominuru/.m2/repository/org/apache/logging/log4j/log4j-core/2.20.0/log4j-core-2.20.0.jar:/Users/efetoborobominuru/.m2/repository/org/apache/poi/poi/5.2.3/poi-5.2.3.jar:/Users/efetoborobominuru/.m2/repository/commons-codec/commons-codec/1.15/commons-codec-1.15.jar:/Users/efetoborobominuru/.m2/repository/org/apache/commons/commons-collections4/4.4/commons-collections4-4.4.jar:/Users/efetoborobominuru/.m2/repository/org/apache/commons/commons-math3/3.6.1/commons-math3-3.6.1.jar:/Users/efetoborobominuru/.m2/repository/commons-io/commons-io/2.11.0/commons-io-2.11.0.jar:/Users/efetoborobominuru/.m2/repository/com/zaxxer/SparseBitSet/1.2/SparseBitSet-1.2.jar:/Users/efetoborobominuru/.m2/repository/org/apache/poi/poi-ooxml/5.2.3/poi-ooxml-5.2.3.jar:/Users/efetoborobominuru/.m2/repository/org/apache/poi/poi-ooxml-lite/5.2.3/poi-ooxml-lite-5.2.3.jar:/Users/efetoborobominuru/.m2/repository/org/apache/xmlbeans/xmlbeans/5.1.1/xmlbeans-5.1.1.jar:/Users/efetoborobominuru/.m2/repository/org/apache/commons/commons-compress/1.21/commons-compress-1.21.jar:/Users/efetoborobominuru/.m2/repository/com/github/virtuald/curvesapi/1.07/curvesapi-1.07.jar:/Users/efetoborobominuru/.m2/repository/org/testng/testng/7.7.1/testng-7.7.1.jar:/Users/efetoborobominuru/.m2/repository/org/slf4j/slf4j-api/1.7.36/slf4j-api-1.7.36.jar:/Users/efetoborobominuru/.m2/repository/com/beust/jcommander/1.82/jcommander-1.82.jar:/Users/efetoborobominuru/.m2/repository/org/webjars/jquery/3.6.1/jquery-3.6.1.jar:/Users/efetoborobominuru/.m2/repository/io/rest-assured/json-schema-validator/5.3.0/json-schema-validator-5.3.0.jar:/Users/efetoborobominuru/.m2/repository/com/github/java-json-tools/json-schema-validator/2.2.14/json-schema-validator-2.2.14.jar:/Users/efetoborobominuru/.m2/repository/com/google/guava/guava/28.2-android/guava-28.2-android.jar:/Users/efetoborobominuru/.m2/repository/com/google/guava/failureaccess/1.0.1/failureaccess-1.0.1.jar:/Users/efetoborobominuru/.m2/repository/com/google/guava/listenablefuture/9999.0-empty-to-avoid-conflict-with-guava/listenablefuture-9999.0-empty-to-avoid-conflict-with-guava.jar:/Users/efetoborobominuru/.m2/repository/org/checkerframework/checker-compat-qual/2.5.5/checker-compat-qual-2.5.5.jar:/Users/efetoborobominuru/.m2/repository/com/google/errorprone/error_prone_annotations/2.3.4/error_prone_annotations-2.3.4.jar:/Users/efetoborobominuru/.m2/repository/com/google/j2objc/j2objc-annotations/1.3/j2objc-annotations-1.3.jar:/Users/efetoborobominuru/.m2/repository/com/github/java-json-tools/jackson-coreutils-equivalence/1.0/jackson-coreutils-equivalence-1.0.jar:/Users/efetoborobominuru/.m2/repository/com/github/java-json-tools/jackson-coreutils/2.0/jackson-coreutils-2.0.jar:/Users/efetoborobominuru/.m2/repository/com/github/java-json-tools/msg-simple/1.2/msg-simple-1.2.jar:/Users/efetoborobominuru/.m2/repository/com/github/java-json-tools/btf/1.3/btf-1.3.jar:/Users/efetoborobominuru/.m2/repository/com/github/java-json-tools/json-schema-core/1.2.14/json-schema-core-1.2.14.jar:/Users/efetoborobominuru/.m2/repository/com/github/java-json-tools/uri-template/0.10/uri-template-0.10.jar:/Users/efetoborobominuru/.m2/repository/org/mozilla/rhino/1.7.7.2/rhino-1.7.7.2.jar:/Users/efetoborobominuru/.m2/repository/com/sun/mail/mailapi/1.6.2/mailapi-1.6.2.jar:/Users/efetoborobominuru/.m2/repository/joda-time/joda-time/2.10.5/joda-time-2.10.5.jar:/Users/efetoborobominuru/.m2/repository/com/googlecode/libphonenumber/libphonenumber/8.11.1/libphonenumber-8.11.1.jar:/Users/efetoborobominuru/.m2/repository/com/google/code/findbugs/jsr305/3.0.2/jsr305-3.0.2.jar:/Users/efetoborobominuru/.m2/repository/net/sf/jopt-simple/jopt-simple/5.0.4/jopt-simple-5.0.4.jar:/Users/efetoborobominuru/.m2/repository/com/fasterxml/jackson/core/jackson-databind/2.14.2/jackson-databind-2.14.2.jar:/Users/efetoborobominuru/.m2/repository/com/fasterxml/jackson/core/jackson-annotations/2.14.2/jackson-annotations-2.14.2.jar:/Users/efetoborobominuru/.m2/repository/com/fasterxml/jackson/core/jackson-core/2.14.2/jackson-core-2.14.2.jar:/Users/efetoborobominuru/.m2/repository/org/projectlombok/lombok/1.18.30/lombok-1.18.30.jar:"/>
    <property name="sun.cpu.endian" value="little"/>
    <property name="user.home" value="/Users/efetoborobominuru"/>
    <property name="user.language" value="en"/>
    <property name="java.specification.vendor" value="Oracle Corporation"/>
    <property name="java.version.date" value="2024-01-16"/>
    <property name="java.home" value="/opt/homebrew/Cellar/openjdk/21.0.2/libexec/openjdk.jdk/Contents/Home"/>
    <property name="file.separator" value="/"/>
    <property name="basedir" value="/Users/efetoborobominuru/Documents/sf-em-restAssured-Tests"/>
    <property name="java.vm.compressedOopsMode" value="Zero based"/>
    <property name="line.separator" value="&#10;"/>
    <property name="java.vm.specification.vendor" value="Oracle Corporation"/>
    <property name="java.specification.name" value="Java Platform API Specification"/>
    <property name="apple.awt.application.name" value="ForkedBooter"/>
    <property name="surefire.real.class.path" value="/Users/efetoborobominuru/Documents/sf-em-restAssured-Tests/target/surefire/surefirebooter-20250805224147914_3.jar"/>
    <property name="sun.management.compiler" value="HotSpot 64-Bit Tiered Compilers"/>
    <property name="java.runtime.version" value="21.0.2"/>
    <property name="user.name" value="efetoborobominuru"/>
    <property name="stdout.encoding" value="UTF-8"/>
    <property name="path.separator" value=":"/>
    <property name="os.version" value="14.3.1"/>
    <property name="java.runtime.name" value="OpenJDK Runtime Environment"/>
    <property name="file.encoding" value="UTF-8"/>
    <property name="java.vm.name" value="OpenJDK 64-Bit Server VM"/>
    <property name="java.vendor.version" value="Homebrew"/>
    <property name="localRepository" value="/Users/efetoborobominuru/.m2/repository"/>
    <property name="java.vendor.url.bug" value="https://github.com/Homebrew/homebrew-core/issues"/>
    <property name="java.io.tmpdir" value="/var/folders/q_/l0jbw5ys5d91x72znlqfm6pw0000gp/T/"/>
    <property name="java.version" value="21.0.2"/>
    <property name="user.dir" value="/Users/efetoborobominuru/Documents/sf-em-restAssured-Tests"/>
    <property name="os.arch" value="aarch64"/>
    <property name="java.vm.specification.name" value="Java Virtual Machine Specification"/>
    <property name="native.encoding" value="UTF-8"/>
    <property name="java.library.path" value="/Users/efetoborobominuru/Library/Java/Extensions:/Library/Java/Extensions:/Network/Library/Java/Extensions:/System/Library/Java/Extensions:/usr/lib/java:."/>
    <property name="java.vm.info" value="mixed mode, sharing"/>
    <property name="stderr.encoding" value="UTF-8"/>
    <property name="java.vendor" value="Homebrew"/>
    <property name="java.vm.version" value="21.0.2"/>
    <property name="sun.io.unicode.encoding" value="UnicodeBig"/>
    <property name="java.class.version" value="65.0"/>
  </properties>
  <testcase name="testGetRequest" classname="testEndPoints.EventManagerEndPointTests" time="0.879">
    <system-out><![CDATA[Request method:	GET
Request URI:	http://localhost:8080/v1/events
Proxy:			<none>
Request params:	<none>
Query params:	<none>
Form params:	<none>
Path params:	<none>
Headers:		Accept=*/*
Cookies:		<none>
Multiparts:		<none>
Body:			<none>
HTTP/1.1 200 
X-Content-Type-Options: nosniff
X-XSS-Protection: 0
Cache-Control: no-cache, no-store, max-age=0, must-revalidate
Pragma: no-cache
Expires: 0
X-Frame-Options: DENY
Content-Type: application/json
Transfer-Encoding: chunked
Date: Tue, 05 Aug 2025 21:41:54 GMT
Keep-Alive: timeout=60
Connection: keep-alive

{
    "status": "SUCCESS",
    "data": [
        {
            "theme": "Tech Conference 2025",
            "reference": "c291098f997543e6b5ae3f4d8950b616",
            "createdAt": null,
            "amount": 99.99,
            "status": "OPEN",
            "venue": "Convention Center, London",
            "totalCapacity": 500,
            "availableCapacity": 421,
            "startTime": "2025-08-10T09:00:00.000+00:00",
            "endTime": "2026-08-10T17:00:00.000+00:00"
        },
        {
            "theme": "Art Showcase",
            "reference": "123e4567-e89b-12d3-a456-426614174000",
            "createdAt": null,
            "amount": 20.00,
            "status": "OPEN",
            "venue": "Gallery District",
            "totalCapacity": 80,
            "availableCapacity": 35,
            "startTime": "2025-07-15T10:00:00.000+00:00",
            "endTime": "2025-07-15T16:00:00.000+00:00"
        },
        {
            "theme": "Music Festival",
            "reference": "550e8400-e29b-41d4-a716-446655440000",
            "createdAt": null,
            "amount": 55.00,
            "status": "FULLY_BOOKED",
            "venue": "Open Air Stage",
            "totalCapacity": 500,
            "availableCapacity": 0,
            "startTime": "2025-08-01T14:00:00.000+00:00",
            "endTime": "2025-08-01T22:00:00.000+00:00"
        },
        {
            "theme": "Tech Conference",
            "reference": "3fa85f64-5717-4562-b3fc-2c963f66afa6",
            "createdAt": null,
            "amount": 30.00,
            "status": "OPEN",
            "venue": "Convention Center A",
            "totalCapacity": 100,
            "availableCapacity": 31,
            "startTime": "2025-06-10T08:00:00.000+00:00",
            "endTime": "2025-06-10T16:00:00.000+00:00"
        },
        {
            "theme": "AI Summit",
            "reference": "c0a8015a-000f-11ee-be56-0242ac120002",
            "createdAt": null,
            "amount": 75.00,
            "status": "FULLY_BOOKED",
            "venue": "Tech Pavilion",
            "totalCapacity": 200,
            "availableCapacity": 0,
            "startTime": "2025-07-01T09:00:00.000+00:00",
            "endTime": "2025-07-01T17:00:00.000+00:00"
        }
    ],
    "hasMore": false,
    "currentPage": 0,
    "totalPages": 1,
    "totalItems": 5
}
Data written to file: ./src/test/resources/EventId.txt
{
    "status": "SUCCESS",
    "data": [
        {
            "theme": "Tech Conference 2025",
            "reference": "c291098f997543e6b5ae3f4d8950b616",
            "createdAt": null,
            "amount": 99.99,
            "status": "OPEN",
            "venue": "Convention Center, London",
            "totalCapacity": 500,
            "availableCapacity": 421,
            "startTime": "2025-08-10T09:00:00.000+00:00",
            "endTime": "2026-08-10T17:00:00.000+00:00"
        },
        {
            "theme": "Art Showcase",
            "reference": "123e4567-e89b-12d3-a456-426614174000",
            "createdAt": null,
            "amount": 20.00,
            "status": "OPEN",
            "venue": "Gallery District",
            "totalCapacity": 80,
            "availableCapacity": 35,
            "startTime": "2025-07-15T10:00:00.000+00:00",
            "endTime": "2025-07-15T16:00:00.000+00:00"
        },
        {
            "theme": "Music Festival",
            "reference": "550e8400-e29b-41d4-a716-446655440000",
            "createdAt": null,
            "amount": 55.00,
            "status": "FULLY_BOOKED",
            "venue": "Open Air Stage",
            "totalCapacity": 500,
            "availableCapacity": 0,
            "startTime": "2025-08-01T14:00:00.000+00:00",
            "endTime": "2025-08-01T22:00:00.000+00:00"
        },
        {
            "theme": "Tech Conference",
            "reference": "3fa85f64-5717-4562-b3fc-2c963f66afa6",
            "createdAt": null,
            "amount": 30.00,
            "status": "OPEN",
            "venue": "Convention Center A",
            "totalCapacity": 100,
            "availableCapacity": 31,
            "startTime": "2025-06-10T08:00:00.000+00:00",
            "endTime": "2025-06-10T16:00:00.000+00:00"
        },
        {
            "theme": "AI Summit",
            "reference": "c0a8015a-000f-11ee-be56-0242ac120002",
            "createdAt": null,
            "amount": 75.00,
            "status": "FULLY_BOOKED",
            "venue": "Tech Pavilion",
            "totalCapacity": 200,
            "availableCapacity": 0,
            "startTime": "2025-07-01T09:00:00.000+00:00",
            "endTime": "2025-07-01T17:00:00.000+00:00"
        }
    ],
    "hasMore": false,
    "currentPage": 0,
    "totalPages": 1,
    "totalItems": 5
}
]]></system-out>
    <system-err><![CDATA[SLF4J: Failed to load class "org.slf4j.impl.StaticLoggerBinder".
SLF4J: Defaulting to no-operation (NOP) logger implementation
SLF4J: See http://www.slf4j.org/codes.html#StaticLoggerBinder for further details.
]]></system-err>
  </testcase>
  <testcase name="createNewBookingTest" classname="testEndPoints.EventManagerEndPointTests" time="0.133">
    <system-out><![CDATA[Request method:	POST
Request URI:	http://localhost:8080/v1/bookings
Proxy:			<none>
Request params:	<none>
Query params:	<none>
Form params:	<none>
Path params:	<none>
Headers:		userId=12345
				Accept=application/json, application/javascript, text/javascript, text/json
				Content-Type=application/json
Cookies:		<none>
Multiparts:		<none>
Body:
{
    "eventReference": "c291098f997543e6b5ae3f4d8950b616",
    "bookingType": "REGULAR",
    "totalCapacity": 0,
    "availableCapacity": 0
}
Request method:	POST
Request URI:	http://localhost:8080/v1/bookings
Proxy:			<none>
Request params:	<none>
Query params:	<none>
Form params:	<none>
Path params:	<none>
Headers:		userId=12345
				Accept=application/json, application/javascript, text/javascript, text/json
				Content-Type=application/json
Cookies:		<none>
Multiparts:		<none>
Body:
{
    "eventReference": "c291098f997543e6b5ae3f4d8950b616",
    "bookingType": "REGULAR",
    "totalCapacity": 0,
    "availableCapacity": 0
}
HTTP/1.1 200 
X-Content-Type-Options: nosniff
X-XSS-Protection: 0
Cache-Control: no-cache, no-store, max-age=0, must-revalidate
Pragma: no-cache
Expires: 0
X-Frame-Options: DENY
Content-Type: application/json
Transfer-Encoding: chunked
Date: Tue, 05 Aug 2025 21:41:54 GMT
Keep-Alive: timeout=60
Connection: keep-alive

{
    "reference": "31898e3fe8014ffb86b26f02bf0e3ea4",
    "createdAt": "2025-08-05T21:41:54.559+00:00",
    "fee": 99.99,
    "status": "SUCCESSFUL",
    "admissionNumber": null,
    "type": "REGULAR",
    "eventName": "Tech Conference 2025",
    "eventVenue": "Convention Center, London"
}
HTTP/1.1 200 
X-Content-Type-Options: nosniff
X-XSS-Protection: 0
Cache-Control: no-cache, no-store, max-age=0, must-revalidate
Pragma: no-cache
Expires: 0
X-Frame-Options: DENY
Content-Type: application/json
Transfer-Encoding: chunked
Date: Tue, 05 Aug 2025 21:41:54 GMT
Keep-Alive: timeout=60
Connection: keep-alive

{
    "reference": "31898e3fe8014ffb86b26f02bf0e3ea4",
    "createdAt": "2025-08-05T21:41:54.559+00:00",
    "fee": 99.99,
    "status": "SUCCESSFUL",
    "admissionNumber": null,
    "type": "REGULAR",
    "eventName": "Tech Conference 2025",
    "eventVenue": "Convention Center, London"
}
Data written to file: ./src/test/resources/bookingId.txt
{
    "reference": "31898e3fe8014ffb86b26f02bf0e3ea4",
    "createdAt": "2025-08-05T21:41:54.559+00:00",
    "fee": 99.99,
    "status": "SUCCESSFUL",
    "admissionNumber": null,
    "type": "REGULAR",
    "eventName": "Tech Conference 2025",
    "eventVenue": "Convention Center, London"
}
]]></system-out>
  </testcase>
  <testcase name="cancelBookingTest" classname="testEndPoints.EventManagerEndPointTests" time="0.018">
    <system-out><![CDATA[Request method:	PUT
Request URI:	http://localhost:8080/v1/bookings/31898e3fe8014ffb86b26f02bf0e3ea4/cancel
Proxy:			<none>
Request params:	<none>
Query params:	<none>
Form params:	<none>
Path params:	bookingReference=31898e3fe8014ffb86b26f02bf0e3ea4
Headers:		userId=12345
				Accept=*/*
				Content-Type=application/json
Cookies:		<none>
Multiparts:		<none>
Body:			<none>
Request method:	PUT
Request URI:	http://localhost:8080/v1/bookings/31898e3fe8014ffb86b26f02bf0e3ea4/cancel
Proxy:			<none>
Request params:	<none>
Query params:	<none>
Form params:	<none>
Path params:	bookingReference=31898e3fe8014ffb86b26f02bf0e3ea4
Headers:		userId=12345
				Accept=*/*
				Content-Type=application/json
Cookies:		<none>
Multiparts:		<none>
Body:			<none>
Request method:	PUT
Request URI:	http://localhost:8080/v1/bookings/31898e3fe8014ffb86b26f02bf0e3ea4/cancel
Proxy:			<none>
Request params:	<none>
Query params:	<none>
Form params:	<none>
Path params:	bookingReference=31898e3fe8014ffb86b26f02bf0e3ea4
Headers:		userId=12345
				Accept=*/*
				Content-Type=application/json
Cookies:		<none>
Multiparts:		<none>
Body:			<none>
HTTP/1.1 200 
X-Content-Type-Options: nosniff
X-XSS-Protection: 0
Cache-Control: no-cache, no-store, max-age=0, must-revalidate
Pragma: no-cache
Expires: 0
X-Frame-Options: DENY
Content-Length: 0
Date: Tue, 05 Aug 2025 21:41:54 GMT
Keep-Alive: timeout=60
Connection: keep-alive
HTTP/1.1 200 
X-Content-Type-Options: nosniff
X-XSS-Protection: 0
Cache-Control: no-cache, no-store, max-age=0, must-revalidate
Pragma: no-cache
Expires: 0
X-Frame-Options: DENY
Content-Length: 0
Date: Tue, 05 Aug 2025 21:41:54 GMT
Keep-Alive: timeout=60
Connection: keep-alive
HTTP/1.1 200 
X-Content-Type-Options: nosniff
X-XSS-Protection: 0
Cache-Control: no-cache, no-store, max-age=0, must-revalidate
Pragma: no-cache
Expires: 0
X-Frame-Options: DENY
Content-Length: 0
Date: Tue, 05 Aug 2025 21:41:54 GMT
Keep-Alive: timeout=60
Connection: keep-alive

]]></system-out>
  </testcase>
  <testcase name="parameterizationTest[REGULAR](1)" classname="testEndPoints.EventManagerEndPointTests" time="0.041">
    <system-out><![CDATA[Request method:	POST
Request URI:	http://localhost:8080/v1/bookings
Proxy:			<none>
Request params:	<none>
Query params:	<none>
Form params:	<none>
Path params:	<none>
Headers:		userId=12345
				Accept=application/json, application/javascript, text/javascript, text/json
				Content-Type=application/json
Cookies:		<none>
Multiparts:		<none>
Body:
{
    "eventReference": "c291098f997543e6b5ae3f4d8950b616",
    "bookingType": "REGULAR",
    "totalCapacity": 0,
    "availableCapacity": 0
}
Request method:	POST
Request URI:	http://localhost:8080/v1/bookings
Proxy:			<none>
Request params:	<none>
Query params:	<none>
Form params:	<none>
Path params:	<none>
Headers:		userId=12345
				Accept=application/json, application/javascript, text/javascript, text/json
				Content-Type=application/json
Cookies:		<none>
Multiparts:		<none>
Body:
{
    "eventReference": "c291098f997543e6b5ae3f4d8950b616",
    "bookingType": "REGULAR",
    "totalCapacity": 0,
    "availableCapacity": 0
}
Request method:	POST
Request URI:	http://localhost:8080/v1/bookings
Proxy:			<none>
Request params:	<none>
Query params:	<none>
Form params:	<none>
Path params:	<none>
Headers:		userId=12345
				Accept=application/json, application/javascript, text/javascript, text/json
				Content-Type=application/json
Cookies:		<none>
Multiparts:		<none>
Body:
{
    "eventReference": "c291098f997543e6b5ae3f4d8950b616",
    "bookingType": "REGULAR",
    "totalCapacity": 0,
    "availableCapacity": 0
}
Request method:	POST
Request URI:	http://localhost:8080/v1/bookings
Proxy:			<none>
Request params:	<none>
Query params:	<none>
Form params:	<none>
Path params:	<none>
Headers:		userId=12345
				Accept=application/json, application/javascript, text/javascript, text/json
				Content-Type=application/json
Cookies:		<none>
Multiparts:		<none>
Body:
{
    "eventReference": "c291098f997543e6b5ae3f4d8950b616",
    "bookingType": "REGULAR",
    "totalCapacity": 0,
    "availableCapacity": 0
}
HTTP/1.1 200 
X-Content-Type-Options: nosniff
X-XSS-Protection: 0
Cache-Control: no-cache, no-store, max-age=0, must-revalidate
Pragma: no-cache
Expires: 0
X-Frame-Options: DENY
Content-Type: application/json
Transfer-Encoding: chunked
Date: Tue, 05 Aug 2025 21:41:54 GMT
Keep-Alive: timeout=60
Connection: keep-alive

{
    "reference": "a0ab95b0524548988ead3f80bcc3150f",
    "createdAt": "2025-08-05T21:41:54.615+00:00",
    "fee": 99.99,
    "status": "SUCCESSFUL",
    "admissionNumber": null,
    "type": "REGULAR",
    "eventName": "Tech Conference 2025",
    "eventVenue": "Convention Center, London"
}
HTTP/1.1 200 
X-Content-Type-Options: nosniff
X-XSS-Protection: 0
Cache-Control: no-cache, no-store, max-age=0, must-revalidate
Pragma: no-cache
Expires: 0
X-Frame-Options: DENY
Content-Type: application/json
Transfer-Encoding: chunked
Date: Tue, 05 Aug 2025 21:41:54 GMT
Keep-Alive: timeout=60
Connection: keep-alive

{
    "reference": "a0ab95b0524548988ead3f80bcc3150f",
    "createdAt": "2025-08-05T21:41:54.615+00:00",
    "fee": 99.99,
    "status": "SUCCESSFUL",
    "admissionNumber": null,
    "type": "REGULAR",
    "eventName": "Tech Conference 2025",
    "eventVenue": "Convention Center, London"
}
HTTP/1.1 200 
X-Content-Type-Options: nosniff
X-XSS-Protection: 0
Cache-Control: no-cache, no-store, max-age=0, must-revalidate
Pragma: no-cache
Expires: 0
X-Frame-Options: DENY
Content-Type: application/json
Transfer-Encoding: chunked
Date: Tue, 05 Aug 2025 21:41:54 GMT
Keep-Alive: timeout=60
Connection: keep-alive

{
    "reference": "a0ab95b0524548988ead3f80bcc3150f",
    "createdAt": "2025-08-05T21:41:54.615+00:00",
    "fee": 99.99,
    "status": "SUCCESSFUL",
    "admissionNumber": null,
    "type": "REGULAR",
    "eventName": "Tech Conference 2025",
    "eventVenue": "Convention Center, London"
}
HTTP/1.1 200 
X-Content-Type-Options: nosniff
X-XSS-Protection: 0
Cache-Control: no-cache, no-store, max-age=0, must-revalidate
Pragma: no-cache
Expires: 0
X-Frame-Options: DENY
Content-Type: application/json
Transfer-Encoding: chunked
Date: Tue, 05 Aug 2025 21:41:54 GMT
Keep-Alive: timeout=60
Connection: keep-alive

{
    "reference": "a0ab95b0524548988ead3f80bcc3150f",
    "createdAt": "2025-08-05T21:41:54.615+00:00",
    "fee": 99.99,
    "status": "SUCCESSFUL",
    "admissionNumber": null,
    "type": "REGULAR",
    "eventName": "Tech Conference 2025",
    "eventVenue": "Convention Center, London"
}
Data written to file: ./src/test/resources/bookingId.txt
{
    "reference": "a0ab95b0524548988ead3f80bcc3150f",
    "createdAt": "2025-08-05T21:41:54.615+00:00",
    "fee": 99.99,
    "status": "SUCCESSFUL",
    "admissionNumber": null,
    "type": "REGULAR",
    "eventName": "Tech Conference 2025",
    "eventVenue": "Convention Center, London"
}
]]></system-out>
  </testcase>
  <testcase name="testWithDifferentBooKingTypes[REGULAR](1)" classname="testEndPoints.EventManagerEndPointTests" time="0.038">
    <system-out><![CDATA[Request method:	POST
Request URI:	http://localhost:8080/v1/bookings
Proxy:			<none>
Request params:	<none>
Query params:	<none>
Form params:	<none>
Path params:	<none>
Headers:		userId=12345
				Accept=application/json, application/javascript, text/javascript, text/json
				Content-Type=application/json
Cookies:		<none>
Multiparts:		<none>
Body:
{
    "eventReference": "c291098f997543e6b5ae3f4d8950b616",
    "bookingType": "REGULAR",
    "totalCapacity": 0,
    "availableCapacity": 0
}
Request method:	POST
Request URI:	http://localhost:8080/v1/bookings
Proxy:			<none>
Request params:	<none>
Query params:	<none>
Form params:	<none>
Path params:	<none>
Headers:		userId=12345
				Accept=application/json, application/javascript, text/javascript, text/json
				Content-Type=application/json
Cookies:		<none>
Multiparts:		<none>
Body:
{
    "eventReference": "c291098f997543e6b5ae3f4d8950b616",
    "bookingType": "REGULAR",
    "totalCapacity": 0,
    "availableCapacity": 0
}
Request method:	POST
Request URI:	http://localhost:8080/v1/bookings
Proxy:			<none>
Request params:	<none>
Query params:	<none>
Form params:	<none>
Path params:	<none>
Headers:		userId=12345
				Accept=application/json, application/javascript, text/javascript, text/json
				Content-Type=application/json
Cookies:		<none>
Multiparts:		<none>
Body:
{
    "eventReference": "c291098f997543e6b5ae3f4d8950b616",
    "bookingType": "REGULAR",
    "totalCapacity": 0,
    "availableCapacity": 0
}
Request method:	POST
Request URI:	http://localhost:8080/v1/bookings
Proxy:			<none>
Request params:	<none>
Query params:	<none>
Form params:	<none>
Path params:	<none>
Headers:		userId=12345
				Accept=application/json, application/javascript, text/javascript, text/json
				Content-Type=application/json
Cookies:		<none>
Multiparts:		<none>
Body:
{
    "eventReference": "c291098f997543e6b5ae3f4d8950b616",
    "bookingType": "REGULAR",
    "totalCapacity": 0,
    "availableCapacity": 0
}
Request method:	POST
Request URI:	http://localhost:8080/v1/bookings
Proxy:			<none>
Request params:	<none>
Query params:	<none>
Form params:	<none>
Path params:	<none>
Headers:		userId=12345
				Accept=application/json, application/javascript, text/javascript, text/json
				Content-Type=application/json
Cookies:		<none>
Multiparts:		<none>
Body:
{
    "eventReference": "c291098f997543e6b5ae3f4d8950b616",
    "bookingType": "REGULAR",
    "totalCapacity": 0,
    "availableCapacity": 0
}
HTTP/1.1 200 
X-Content-Type-Options: nosniff
X-XSS-Protection: 0
Cache-Control: no-cache, no-store, max-age=0, must-revalidate
Pragma: no-cache
Expires: 0
X-Frame-Options: DENY
Content-Type: application/json
Transfer-Encoding: chunked
Date: Tue, 05 Aug 2025 21:41:54 GMT
Keep-Alive: timeout=60
Connection: keep-alive

{
    "reference": "6225b492f2aa4ffa97c49fff41b3958b",
    "createdAt": "2025-08-05T21:41:54.659+00:00",
    "fee": 99.99,
    "status": "SUCCESSFUL",
    "admissionNumber": null,
    "type": "REGULAR",
    "eventName": "Tech Conference 2025",
    "eventVenue": "Convention Center, London"
}
HTTP/1.1 200 
X-Content-Type-Options: nosniff
X-XSS-Protection: 0
Cache-Control: no-cache, no-store, max-age=0, must-revalidate
Pragma: no-cache
Expires: 0
X-Frame-Options: DENY
Content-Type: application/json
Transfer-Encoding: chunked
Date: Tue, 05 Aug 2025 21:41:54 GMT
Keep-Alive: timeout=60
Connection: keep-alive

{
    "reference": "6225b492f2aa4ffa97c49fff41b3958b",
    "createdAt": "2025-08-05T21:41:54.659+00:00",
    "fee": 99.99,
    "status": "SUCCESSFUL",
    "admissionNumber": null,
    "type": "REGULAR",
    "eventName": "Tech Conference 2025",
    "eventVenue": "Convention Center, London"
}
HTTP/1.1 200 
X-Content-Type-Options: nosniff
X-XSS-Protection: 0
Cache-Control: no-cache, no-store, max-age=0, must-revalidate
Pragma: no-cache
Expires: 0
X-Frame-Options: DENY
Content-Type: application/json
Transfer-Encoding: chunked
Date: Tue, 05 Aug 2025 21:41:54 GMT
Keep-Alive: timeout=60
Connection: keep-alive

{
    "reference": "6225b492f2aa4ffa97c49fff41b3958b",
    "createdAt": "2025-08-05T21:41:54.659+00:00",
    "fee": 99.99,
    "status": "SUCCESSFUL",
    "admissionNumber": null,
    "type": "REGULAR",
    "eventName": "Tech Conference 2025",
    "eventVenue": "Convention Center, London"
}
HTTP/1.1 200 
X-Content-Type-Options: nosniff
X-XSS-Protection: 0
Cache-Control: no-cache, no-store, max-age=0, must-revalidate
Pragma: no-cache
Expires: 0
X-Frame-Options: DENY
Content-Type: application/json
Transfer-Encoding: chunked
Date: Tue, 05 Aug 2025 21:41:54 GMT
Keep-Alive: timeout=60
Connection: keep-alive

{
    "reference": "6225b492f2aa4ffa97c49fff41b3958b",
    "createdAt": "2025-08-05T21:41:54.659+00:00",
    "fee": 99.99,
    "status": "SUCCESSFUL",
    "admissionNumber": null,
    "type": "REGULAR",
    "eventName": "Tech Conference 2025",
    "eventVenue": "Convention Center, London"
}
HTTP/1.1 200 
X-Content-Type-Options: nosniff
X-XSS-Protection: 0
Cache-Control: no-cache, no-store, max-age=0, must-revalidate
Pragma: no-cache
Expires: 0
X-Frame-Options: DENY
Content-Type: application/json
Transfer-Encoding: chunked
Date: Tue, 05 Aug 2025 21:41:54 GMT
Keep-Alive: timeout=60
Connection: keep-alive

{
    "reference": "6225b492f2aa4ffa97c49fff41b3958b",
    "createdAt": "2025-08-05T21:41:54.659+00:00",
    "fee": 99.99,
    "status": "SUCCESSFUL",
    "admissionNumber": null,
    "type": "REGULAR",
    "eventName": "Tech Conference 2025",
    "eventVenue": "Convention Center, London"
}
Data written to file: ./src/test/resources/bookingId.txt
{
    "reference": "6225b492f2aa4ffa97c49fff41b3958b",
    "createdAt": "2025-08-05T21:41:54.659+00:00",
    "fee": 99.99,
    "status": "SUCCESSFUL",
    "admissionNumber": null,
    "type": "REGULAR",
    "eventName": "Tech Conference 2025",
    "eventVenue": "Convention Center, London"
}
]]></system-out>
  </testcase>
  <testcase name="testWithDifferentBooKingTypes[VIP](2)" classname="testEndPoints.EventManagerEndPointTests" time="0.035">
    <system-out><![CDATA[Request method:	POST
Request URI:	http://localhost:8080/v1/bookings
Proxy:			<none>
Request params:	<none>
Query params:	<none>
Form params:	<none>
Path params:	<none>
Headers:		userId=12345
				Accept=application/json, application/javascript, text/javascript, text/json
				Content-Type=application/json
Cookies:		<none>
Multiparts:		<none>
Body:
{
    "eventReference": "c291098f997543e6b5ae3f4d8950b616",
    "bookingType": "VIP",
    "totalCapacity": 0,
    "availableCapacity": 0
}
Request method:	POST
Request URI:	http://localhost:8080/v1/bookings
Proxy:			<none>
Request params:	<none>
Query params:	<none>
Form params:	<none>
Path params:	<none>
Headers:		userId=12345
				Accept=application/json, application/javascript, text/javascript, text/json
				Content-Type=application/json
Cookies:		<none>
Multiparts:		<none>
Body:
{
    "eventReference": "c291098f997543e6b5ae3f4d8950b616",
    "bookingType": "VIP",
    "totalCapacity": 0,
    "availableCapacity": 0
}
Request method:	POST
Request URI:	http://localhost:8080/v1/bookings
Proxy:			<none>
Request params:	<none>
Query params:	<none>
Form params:	<none>
Path params:	<none>
Headers:		userId=12345
				Accept=application/json, application/javascript, text/javascript, text/json
				Content-Type=application/json
Cookies:		<none>
Multiparts:		<none>
Body:
{
    "eventReference": "c291098f997543e6b5ae3f4d8950b616",
    "bookingType": "VIP",
    "totalCapacity": 0,
    "availableCapacity": 0
}
Request method:	POST
Request URI:	http://localhost:8080/v1/bookings
Proxy:			<none>
Request params:	<none>
Query params:	<none>
Form params:	<none>
Path params:	<none>
Headers:		userId=12345
				Accept=application/json, application/javascript, text/javascript, text/json
				Content-Type=application/json
Cookies:		<none>
Multiparts:		<none>
Body:
{
    "eventReference": "c291098f997543e6b5ae3f4d8950b616",
    "bookingType": "VIP",
    "totalCapacity": 0,
    "availableCapacity": 0
}
Request method:	POST
Request URI:	http://localhost:8080/v1/bookings
Proxy:			<none>
Request params:	<none>
Query params:	<none>
Form params:	<none>
Path params:	<none>
Headers:		userId=12345
				Accept=application/json, application/javascript, text/javascript, text/json
				Content-Type=application/json
Cookies:		<none>
Multiparts:		<none>
Body:
{
    "eventReference": "c291098f997543e6b5ae3f4d8950b616",
    "bookingType": "VIP",
    "totalCapacity": 0,
    "availableCapacity": 0
}
Request method:	POST
Request URI:	http://localhost:8080/v1/bookings
Proxy:			<none>
Request params:	<none>
Query params:	<none>
Form params:	<none>
Path params:	<none>
Headers:		userId=12345
				Accept=application/json, application/javascript, text/javascript, text/json
				Content-Type=application/json
Cookies:		<none>
Multiparts:		<none>
Body:
{
    "eventReference": "c291098f997543e6b5ae3f4d8950b616",
    "bookingType": "VIP",
    "totalCapacity": 0,
    "availableCapacity": 0
}
HTTP/1.1 200 
X-Content-Type-Options: nosniff
X-XSS-Protection: 0
Cache-Control: no-cache, no-store, max-age=0, must-revalidate
Pragma: no-cache
Expires: 0
X-Frame-Options: DENY
Content-Type: application/json
Transfer-Encoding: chunked
Date: Tue, 05 Aug 2025 21:41:54 GMT
Keep-Alive: timeout=60
Connection: keep-alive

{
    "reference": "5fc54fd8745940fd8e57bf66979278a3",
    "createdAt": "2025-08-05T21:41:54.693+00:00",
    "fee": 99.99,
    "status": "SUCCESSFUL",
    "admissionNumber": null,
    "type": "VIP",
    "eventName": "Tech Conference 2025",
    "eventVenue": "Convention Center, London"
}
HTTP/1.1 200 
X-Content-Type-Options: nosniff
X-XSS-Protection: 0
Cache-Control: no-cache, no-store, max-age=0, must-revalidate
Pragma: no-cache
Expires: 0
X-Frame-Options: DENY
Content-Type: application/json
Transfer-Encoding: chunked
Date: Tue, 05 Aug 2025 21:41:54 GMT
Keep-Alive: timeout=60
Connection: keep-alive

{
    "reference": "5fc54fd8745940fd8e57bf66979278a3",
    "createdAt": "2025-08-05T21:41:54.693+00:00",
    "fee": 99.99,
    "status": "SUCCESSFUL",
    "admissionNumber": null,
    "type": "VIP",
    "eventName": "Tech Conference 2025",
    "eventVenue": "Convention Center, London"
}
HTTP/1.1 200 
X-Content-Type-Options: nosniff
X-XSS-Protection: 0
Cache-Control: no-cache, no-store, max-age=0, must-revalidate
Pragma: no-cache
Expires: 0
X-Frame-Options: DENY
Content-Type: application/json
Transfer-Encoding: chunked
Date: Tue, 05 Aug 2025 21:41:54 GMT
Keep-Alive: timeout=60
Connection: keep-alive

{
    "reference": "5fc54fd8745940fd8e57bf66979278a3",
    "createdAt": "2025-08-05T21:41:54.693+00:00",
    "fee": 99.99,
    "status": "SUCCESSFUL",
    "admissionNumber": null,
    "type": "VIP",
    "eventName": "Tech Conference 2025",
    "eventVenue": "Convention Center, London"
}
HTTP/1.1 200 
X-Content-Type-Options: nosniff
X-XSS-Protection: 0
Cache-Control: no-cache, no-store, max-age=0, must-revalidate
Pragma: no-cache
Expires: 0
X-Frame-Options: DENY
Content-Type: application/json
Transfer-Encoding: chunked
Date: Tue, 05 Aug 2025 21:41:54 GMT
Keep-Alive: timeout=60
Connection: keep-alive

{
    "reference": "5fc54fd8745940fd8e57bf66979278a3",
    "createdAt": "2025-08-05T21:41:54.693+00:00",
    "fee": 99.99,
    "status": "SUCCESSFUL",
    "admissionNumber": null,
    "type": "VIP",
    "eventName": "Tech Conference 2025",
    "eventVenue": "Convention Center, London"
}
HTTP/1.1 200 
X-Content-Type-Options: nosniff
X-XSS-Protection: 0
Cache-Control: no-cache, no-store, max-age=0, must-revalidate
Pragma: no-cache
Expires: 0
X-Frame-Options: DENY
Content-Type: application/json
Transfer-Encoding: chunked
Date: Tue, 05 Aug 2025 21:41:54 GMT
Keep-Alive: timeout=60
Connection: keep-alive

{
    "reference": "5fc54fd8745940fd8e57bf66979278a3",
    "createdAt": "2025-08-05T21:41:54.693+00:00",
    "fee": 99.99,
    "status": "SUCCESSFUL",
    "admissionNumber": null,
    "type": "VIP",
    "eventName": "Tech Conference 2025",
    "eventVenue": "Convention Center, London"
}
HTTP/1.1 200 
X-Content-Type-Options: nosniff
X-XSS-Protection: 0
Cache-Control: no-cache, no-store, max-age=0, must-revalidate
Pragma: no-cache
Expires: 0
X-Frame-Options: DENY
Content-Type: application/json
Transfer-Encoding: chunked
Date: Tue, 05 Aug 2025 21:41:54 GMT
Keep-Alive: timeout=60
Connection: keep-alive

{
    "reference": "5fc54fd8745940fd8e57bf66979278a3",
    "createdAt": "2025-08-05T21:41:54.693+00:00",
    "fee": 99.99,
    "status": "SUCCESSFUL",
    "admissionNumber": null,
    "type": "VIP",
    "eventName": "Tech Conference 2025",
    "eventVenue": "Convention Center, London"
}
Data written to file: ./src/test/resources/bookingId.txt
{
    "reference": "5fc54fd8745940fd8e57bf66979278a3",
    "createdAt": "2025-08-05T21:41:54.693+00:00",
    "fee": 99.99,
    "status": "SUCCESSFUL",
    "admissionNumber": null,
    "type": "VIP",
    "eventName": "Tech Conference 2025",
    "eventVenue": "Convention Center, London"
}
]]></system-out>
  </testcase>
  <testcase name="testAvailableCapacityReducesAfterBooking" classname="testEndPoints.EventManagerEndPointTests" time="0.067">
    <system-out><![CDATA[Request method:	GET
Request URI:	http://localhost:8080/v1/events
Proxy:			<none>
Request params:	<none>
Query params:	<none>
Form params:	<none>
Path params:	<none>
Headers:		Accept=*/*
Cookies:		<none>
Multiparts:		<none>
Body:			<none>
Request method:	GET
Request URI:	http://localhost:8080/v1/events
Proxy:			<none>
Request params:	<none>
Query params:	<none>
Form params:	<none>
Path params:	<none>
Headers:		Accept=*/*
Cookies:		<none>
Multiparts:		<none>
Body:			<none>
Request method:	GET
Request URI:	http://localhost:8080/v1/events
Proxy:			<none>
Request params:	<none>
Query params:	<none>
Form params:	<none>
Path params:	<none>
Headers:		Accept=*/*
Cookies:		<none>
Multiparts:		<none>
Body:			<none>
Request method:	GET
Request URI:	http://localhost:8080/v1/events
Proxy:			<none>
Request params:	<none>
Query params:	<none>
Form params:	<none>
Path params:	<none>
Headers:		Accept=*/*
Cookies:		<none>
Multiparts:		<none>
Body:			<none>
Request method:	GET
Request URI:	http://localhost:8080/v1/events
Proxy:			<none>
Request params:	<none>
Query params:	<none>
Form params:	<none>
Path params:	<none>
Headers:		Accept=*/*
Cookies:		<none>
Multiparts:		<none>
Body:			<none>
Request method:	GET
Request URI:	http://localhost:8080/v1/events
Proxy:			<none>
Request params:	<none>
Query params:	<none>
Form params:	<none>
Path params:	<none>
Headers:		Accept=*/*
Cookies:		<none>
Multiparts:		<none>
Body:			<none>
Request method:	GET
Request URI:	http://localhost:8080/v1/events
Proxy:			<none>
Request params:	<none>
Query params:	<none>
Form params:	<none>
Path params:	<none>
Headers:		Accept=*/*
Cookies:		<none>
Multiparts:		<none>
Body:			<none>
HTTP/1.1 200 
X-Content-Type-Options: nosniff
X-XSS-Protection: 0
Cache-Control: no-cache, no-store, max-age=0, must-revalidate
Pragma: no-cache
Expires: 0
X-Frame-Options: DENY
Content-Type: application/json
Transfer-Encoding: chunked
Date: Tue, 05 Aug 2025 21:41:54 GMT
Keep-Alive: timeout=60
Connection: keep-alive

{
    "status": "SUCCESS",
    "data": [
        {
            "theme": "Tech Conference 2025",
            "reference": "c291098f997543e6b5ae3f4d8950b616",
            "createdAt": null,
            "amount": 99.99,
            "status": "OPEN",
            "venue": "Convention Center, London",
            "totalCapacity": 500,
            "availableCapacity": 417,
            "startTime": "2025-08-10T09:00:00.000+00:00",
            "endTime": "2026-08-10T17:00:00.000+00:00"
        },
        {
            "theme": "Music Festival",
            "reference": "550e8400-e29b-41d4-a716-446655440000",
            "createdAt": null,
            "amount": 55.00,
            "status": "FULLY_BOOKED",
            "venue": "Open Air Stage",
            "totalCapacity": 500,
            "availableCapacity": 0,
            "startTime": "2025-08-01T14:00:00.000+00:00",
            "endTime": "2025-08-01T22:00:00.000+00:00"
        },
        {
            "theme": "AI Summit",
            "reference": "c0a8015a-000f-11ee-be56-0242ac120002",
            "createdAt": null,
            "amount": 75.00,
            "status": "FULLY_BOOKED",
            "venue": "Tech Pavilion",
            "totalCapacity": 200,
            "availableCapacity": 0,
            "startTime": "2025-07-01T09:00:00.000+00:00",
            "endTime": "2025-07-01T17:00:00.000+00:00"
        },
        {
            "theme": "Tech Conference",
            "reference": "3fa85f64-5717-4562-b3fc-2c963f66afa6",
            "createdAt": null,
            "amount": 30.00,
            "status": "OPEN",
            "venue": "Convention Center A",
            "totalCapacity": 100,
            "availableCapacity": 31,
            "startTime": "2025-06-10T08:00:00.000+00:00",
            "endTime": "2025-06-10T16:00:00.000+00:00"
        },
        {
            "theme": "Art Showcase",
            "reference": "123e4567-e89b-12d3-a456-426614174000",
            "createdAt": null,
            "amount": 20.00,
            "status": "OPEN",
            "venue": "Gallery District",
            "totalCapacity": 80,
            "availableCapacity": 35,
            "startTime": "2025-07-15T10:00:00.000+00:00",
            "endTime": "2025-07-15T16:00:00.000+00:00"
        }
    ],
    "hasMore": false,
    "currentPage": 0,
    "totalPages": 1,
    "totalItems": 5
}
HTTP/1.1 200 
X-Content-Type-Options: nosniff
X-XSS-Protection: 0
Cache-Control: no-cache, no-store, max-age=0, must-revalidate
Pragma: no-cache
Expires: 0
X-Frame-Options: DENY
Content-Type: application/json
Transfer-Encoding: chunked
Date: Tue, 05 Aug 2025 21:41:54 GMT
Keep-Alive: timeout=60
Connection: keep-alive

{
    "status": "SUCCESS",
    "data": [
        {
            "theme": "Tech Conference 2025",
            "reference": "c291098f997543e6b5ae3f4d8950b616",
            "createdAt": null,
            "amount": 99.99,
            "status": "OPEN",
            "venue": "Convention Center, London",
            "totalCapacity": 500,
            "availableCapacity": 417,
            "startTime": "2025-08-10T09:00:00.000+00:00",
            "endTime": "2026-08-10T17:00:00.000+00:00"
        },
        {
            "theme": "Music Festival",
            "reference": "550e8400-e29b-41d4-a716-446655440000",
            "createdAt": null,
            "amount": 55.00,
            "status": "FULLY_BOOKED",
            "venue": "Open Air Stage",
            "totalCapacity": 500,
            "availableCapacity": 0,
            "startTime": "2025-08-01T14:00:00.000+00:00",
            "endTime": "2025-08-01T22:00:00.000+00:00"
        },
        {
            "theme": "AI Summit",
            "reference": "c0a8015a-000f-11ee-be56-0242ac120002",
            "createdAt": null,
            "amount": 75.00,
            "status": "FULLY_BOOKED",
            "venue": "Tech Pavilion",
            "totalCapacity": 200,
            "availableCapacity": 0,
            "startTime": "2025-07-01T09:00:00.000+00:00",
            "endTime": "2025-07-01T17:00:00.000+00:00"
        },
        {
            "theme": "Tech Conference",
            "reference": "3fa85f64-5717-4562-b3fc-2c963f66afa6",
            "createdAt": null,
            "amount": 30.00,
            "status": "OPEN",
            "venue": "Convention Center A",
            "totalCapacity": 100,
            "availableCapacity": 31,
            "startTime": "2025-06-10T08:00:00.000+00:00",
            "endTime": "2025-06-10T16:00:00.000+00:00"
        },
        {
            "theme": "Art Showcase",
            "reference": "123e4567-e89b-12d3-a456-426614174000",
            "createdAt": null,
            "amount": 20.00,
            "status": "OPEN",
            "venue": "Gallery District",
            "totalCapacity": 80,
            "availableCapacity": 35,
            "startTime": "2025-07-15T10:00:00.000+00:00",
            "endTime": "2025-07-15T16:00:00.000+00:00"
        }
    ],
    "hasMore": false,
    "currentPage": 0,
    "totalPages": 1,
    "totalItems": 5
}
HTTP/1.1 200 
X-Content-Type-Options: nosniff
X-XSS-Protection: 0
Cache-Control: no-cache, no-store, max-age=0, must-revalidate
Pragma: no-cache
Expires: 0
X-Frame-Options: DENY
Content-Type: application/json
Transfer-Encoding: chunked
Date: Tue, 05 Aug 2025 21:41:54 GMT
Keep-Alive: timeout=60
Connection: keep-alive

{
    "status": "SUCCESS",
    "data": [
        {
            "theme": "Tech Conference 2025",
            "reference": "c291098f997543e6b5ae3f4d8950b616",
            "createdAt": null,
            "amount": 99.99,
            "status": "OPEN",
            "venue": "Convention Center, London",
            "totalCapacity": 500,
            "availableCapacity": 417,
            "startTime": "2025-08-10T09:00:00.000+00:00",
            "endTime": "2026-08-10T17:00:00.000+00:00"
        },
        {
            "theme": "Music Festival",
            "reference": "550e8400-e29b-41d4-a716-446655440000",
            "createdAt": null,
            "amount": 55.00,
            "status": "FULLY_BOOKED",
            "venue": "Open Air Stage",
            "totalCapacity": 500,
            "availableCapacity": 0,
            "startTime": "2025-08-01T14:00:00.000+00:00",
            "endTime": "2025-08-01T22:00:00.000+00:00"
        },
        {
            "theme": "AI Summit",
            "reference": "c0a8015a-000f-11ee-be56-0242ac120002",
            "createdAt": null,
            "amount": 75.00,
            "status": "FULLY_BOOKED",
            "venue": "Tech Pavilion",
            "totalCapacity": 200,
            "availableCapacity": 0,
            "startTime": "2025-07-01T09:00:00.000+00:00",
            "endTime": "2025-07-01T17:00:00.000+00:00"
        },
        {
            "theme": "Tech Conference",
            "reference": "3fa85f64-5717-4562-b3fc-2c963f66afa6",
            "createdAt": null,
            "amount": 30.00,
            "status": "OPEN",
            "venue": "Convention Center A",
            "totalCapacity": 100,
            "availableCapacity": 31,
            "startTime": "2025-06-10T08:00:00.000+00:00",
            "endTime": "2025-06-10T16:00:00.000+00:00"
        },
        {
            "theme": "Art Showcase",
            "reference": "123e4567-e89b-12d3-a456-426614174000",
            "createdAt": null,
            "amount": 20.00,
            "status": "OPEN",
            "venue": "Gallery District",
            "totalCapacity": 80,
            "availableCapacity": 35,
            "startTime": "2025-07-15T10:00:00.000+00:00",
            "endTime": "2025-07-15T16:00:00.000+00:00"
        }
    ],
    "hasMore": false,
    "currentPage": 0,
    "totalPages": 1,
    "totalItems": 5
}
HTTP/1.1 200 
X-Content-Type-Options: nosniff
X-XSS-Protection: 0
Cache-Control: no-cache, no-store, max-age=0, must-revalidate
Pragma: no-cache
Expires: 0
X-Frame-Options: DENY
Content-Type: application/json
Transfer-Encoding: chunked
Date: Tue, 05 Aug 2025 21:41:54 GMT
Keep-Alive: timeout=60
Connection: keep-alive

{
    "status": "SUCCESS",
    "data": [
        {
            "theme": "Tech Conference 2025",
            "reference": "c291098f997543e6b5ae3f4d8950b616",
            "createdAt": null,
            "amount": 99.99,
            "status": "OPEN",
            "venue": "Convention Center, London",
            "totalCapacity": 500,
            "availableCapacity": 417,
            "startTime": "2025-08-10T09:00:00.000+00:00",
            "endTime": "2026-08-10T17:00:00.000+00:00"
        },
        {
            "theme": "Music Festival",
            "reference": "550e8400-e29b-41d4-a716-446655440000",
            "createdAt": null,
            "amount": 55.00,
            "status": "FULLY_BOOKED",
            "venue": "Open Air Stage",
            "totalCapacity": 500,
            "availableCapacity": 0,
            "startTime": "2025-08-01T14:00:00.000+00:00",
            "endTime": "2025-08-01T22:00:00.000+00:00"
        },
        {
            "theme": "AI Summit",
            "reference": "c0a8015a-000f-11ee-be56-0242ac120002",
            "createdAt": null,
            "amount": 75.00,
            "status": "FULLY_BOOKED",
            "venue": "Tech Pavilion",
            "totalCapacity": 200,
            "availableCapacity": 0,
            "startTime": "2025-07-01T09:00:00.000+00:00",
            "endTime": "2025-07-01T17:00:00.000+00:00"
        },
        {
            "theme": "Tech Conference",
            "reference": "3fa85f64-5717-4562-b3fc-2c963f66afa6",
            "createdAt": null,
            "amount": 30.00,
            "status": "OPEN",
            "venue": "Convention Center A",
            "totalCapacity": 100,
            "availableCapacity": 31,
            "startTime": "2025-06-10T08:00:00.000+00:00",
            "endTime": "2025-06-10T16:00:00.000+00:00"
        },
        {
            "theme": "Art Showcase",
            "reference": "123e4567-e89b-12d3-a456-426614174000",
            "createdAt": null,
            "amount": 20.00,
            "status": "OPEN",
            "venue": "Gallery District",
            "totalCapacity": 80,
            "availableCapacity": 35,
            "startTime": "2025-07-15T10:00:00.000+00:00",
            "endTime": "2025-07-15T16:00:00.000+00:00"
        }
    ],
    "hasMore": false,
    "currentPage": 0,
    "totalPages": 1,
    "totalItems": 5
}
HTTP/1.1 200 
X-Content-Type-Options: nosniff
X-XSS-Protection: 0
Cache-Control: no-cache, no-store, max-age=0, must-revalidate
Pragma: no-cache
Expires: 0
X-Frame-Options: DENY
Content-Type: application/json
Transfer-Encoding: chunked
Date: Tue, 05 Aug 2025 21:41:54 GMT
Keep-Alive: timeout=60
Connection: keep-alive

{
    "status": "SUCCESS",
    "data": [
        {
            "theme": "Tech Conference 2025",
            "reference": "c291098f997543e6b5ae3f4d8950b616",
            "createdAt": null,
            "amount": 99.99,
            "status": "OPEN",
            "venue": "Convention Center, London",
            "totalCapacity": 500,
            "availableCapacity": 417,
            "startTime": "2025-08-10T09:00:00.000+00:00",
            "endTime": "2026-08-10T17:00:00.000+00:00"
        },
        {
            "theme": "Music Festival",
            "reference": "550e8400-e29b-41d4-a716-446655440000",
            "createdAt": null,
            "amount": 55.00,
            "status": "FULLY_BOOKED",
            "venue": "Open Air Stage",
            "totalCapacity": 500,
            "availableCapacity": 0,
            "startTime": "2025-08-01T14:00:00.000+00:00",
            "endTime": "2025-08-01T22:00:00.000+00:00"
        },
        {
            "theme": "AI Summit",
            "reference": "c0a8015a-000f-11ee-be56-0242ac120002",
            "createdAt": null,
            "amount": 75.00,
            "status": "FULLY_BOOKED",
            "venue": "Tech Pavilion",
            "totalCapacity": 200,
            "availableCapacity": 0,
            "startTime": "2025-07-01T09:00:00.000+00:00",
            "endTime": "2025-07-01T17:00:00.000+00:00"
        },
        {
            "theme": "Tech Conference",
            "reference": "3fa85f64-5717-4562-b3fc-2c963f66afa6",
            "createdAt": null,
            "amount": 30.00,
            "status": "OPEN",
            "venue": "Convention Center A",
            "totalCapacity": 100,
            "availableCapacity": 31,
            "startTime": "2025-06-10T08:00:00.000+00:00",
            "endTime": "2025-06-10T16:00:00.000+00:00"
        },
        {
            "theme": "Art Showcase",
            "reference": "123e4567-e89b-12d3-a456-426614174000",
            "createdAt": null,
            "amount": 20.00,
            "status": "OPEN",
            "venue": "Gallery District",
            "totalCapacity": 80,
            "availableCapacity": 35,
            "startTime": "2025-07-15T10:00:00.000+00:00",
            "endTime": "2025-07-15T16:00:00.000+00:00"
        }
    ],
    "hasMore": false,
    "currentPage": 0,
    "totalPages": 1,
    "totalItems": 5
}
HTTP/1.1 200 
X-Content-Type-Options: nosniff
X-XSS-Protection: 0
Cache-Control: no-cache, no-store, max-age=0, must-revalidate
Pragma: no-cache
Expires: 0
X-Frame-Options: DENY
Content-Type: application/json
Transfer-Encoding: chunked
Date: Tue, 05 Aug 2025 21:41:54 GMT
Keep-Alive: timeout=60
Connection: keep-alive

{
    "status": "SUCCESS",
    "data": [
        {
            "theme": "Tech Conference 2025",
            "reference": "c291098f997543e6b5ae3f4d8950b616",
            "createdAt": null,
            "amount": 99.99,
            "status": "OPEN",
            "venue": "Convention Center, London",
            "totalCapacity": 500,
            "availableCapacity": 417,
            "startTime": "2025-08-10T09:00:00.000+00:00",
            "endTime": "2026-08-10T17:00:00.000+00:00"
        },
        {
            "theme": "Music Festival",
            "reference": "550e8400-e29b-41d4-a716-446655440000",
            "createdAt": null,
            "amount": 55.00,
            "status": "FULLY_BOOKED",
            "venue": "Open Air Stage",
            "totalCapacity": 500,
            "availableCapacity": 0,
            "startTime": "2025-08-01T14:00:00.000+00:00",
            "endTime": "2025-08-01T22:00:00.000+00:00"
        },
        {
            "theme": "AI Summit",
            "reference": "c0a8015a-000f-11ee-be56-0242ac120002",
            "createdAt": null,
            "amount": 75.00,
            "status": "FULLY_BOOKED",
            "venue": "Tech Pavilion",
            "totalCapacity": 200,
            "availableCapacity": 0,
            "startTime": "2025-07-01T09:00:00.000+00:00",
            "endTime": "2025-07-01T17:00:00.000+00:00"
        },
        {
            "theme": "Tech Conference",
            "reference": "3fa85f64-5717-4562-b3fc-2c963f66afa6",
            "createdAt": null,
            "amount": 30.00,
            "status": "OPEN",
            "venue": "Convention Center A",
            "totalCapacity": 100,
            "availableCapacity": 31,
            "startTime": "2025-06-10T08:00:00.000+00:00",
            "endTime": "2025-06-10T16:00:00.000+00:00"
        },
        {
            "theme": "Art Showcase",
            "reference": "123e4567-e89b-12d3-a456-426614174000",
            "createdAt": null,
            "amount": 20.00,
            "status": "OPEN",
            "venue": "Gallery District",
            "totalCapacity": 80,
            "availableCapacity": 35,
            "startTime": "2025-07-15T10:00:00.000+00:00",
            "endTime": "2025-07-15T16:00:00.000+00:00"
        }
    ],
    "hasMore": false,
    "currentPage": 0,
    "totalPages": 1,
    "totalItems": 5
}
HTTP/1.1 200 
X-Content-Type-Options: nosniff
X-XSS-Protection: 0
Cache-Control: no-cache, no-store, max-age=0, must-revalidate
Pragma: no-cache
Expires: 0
X-Frame-Options: DENY
Content-Type: application/json
Transfer-Encoding: chunked
Date: Tue, 05 Aug 2025 21:41:54 GMT
Keep-Alive: timeout=60
Connection: keep-alive

{
    "status": "SUCCESS",
    "data": [
        {
            "theme": "Tech Conference 2025",
            "reference": "c291098f997543e6b5ae3f4d8950b616",
            "createdAt": null,
            "amount": 99.99,
            "status": "OPEN",
            "venue": "Convention Center, London",
            "totalCapacity": 500,
            "availableCapacity": 417,
            "startTime": "2025-08-10T09:00:00.000+00:00",
            "endTime": "2026-08-10T17:00:00.000+00:00"
        },
        {
            "theme": "Music Festival",
            "reference": "550e8400-e29b-41d4-a716-446655440000",
            "createdAt": null,
            "amount": 55.00,
            "status": "FULLY_BOOKED",
            "venue": "Open Air Stage",
            "totalCapacity": 500,
            "availableCapacity": 0,
            "startTime": "2025-08-01T14:00:00.000+00:00",
            "endTime": "2025-08-01T22:00:00.000+00:00"
        },
        {
            "theme": "AI Summit",
            "reference": "c0a8015a-000f-11ee-be56-0242ac120002",
            "createdAt": null,
            "amount": 75.00,
            "status": "FULLY_BOOKED",
            "venue": "Tech Pavilion",
            "totalCapacity": 200,
            "availableCapacity": 0,
            "startTime": "2025-07-01T09:00:00.000+00:00",
            "endTime": "2025-07-01T17:00:00.000+00:00"
        },
        {
            "theme": "Tech Conference",
            "reference": "3fa85f64-5717-4562-b3fc-2c963f66afa6",
            "createdAt": null,
            "amount": 30.00,
            "status": "OPEN",
            "venue": "Convention Center A",
            "totalCapacity": 100,
            "availableCapacity": 31,
            "startTime": "2025-06-10T08:00:00.000+00:00",
            "endTime": "2025-06-10T16:00:00.000+00:00"
        },
        {
            "theme": "Art Showcase",
            "reference": "123e4567-e89b-12d3-a456-426614174000",
            "createdAt": null,
            "amount": 20.00,
            "status": "OPEN",
            "venue": "Gallery District",
            "totalCapacity": 80,
            "availableCapacity": 35,
            "startTime": "2025-07-15T10:00:00.000+00:00",
            "endTime": "2025-07-15T16:00:00.000+00:00"
        }
    ],
    "hasMore": false,
    "currentPage": 0,
    "totalPages": 1,
    "totalItems": 5
}
Request method:	POST
Request URI:	http://localhost:8080/v1/bookings
Proxy:			<none>
Request params:	<none>
Query params:	<none>
Form params:	<none>
Path params:	<none>
Headers:		userId=12345
				Accept=application/json, application/javascript, text/javascript, text/json
				Content-Type=application/json
Cookies:		<none>
Multiparts:		<none>
Body:
{
    "eventReference": "c291098f997543e6b5ae3f4d8950b616",
    "bookingType": "REGULAR",
    "totalCapacity": 0,
    "availableCapacity": 0
}
Request method:	POST
Request URI:	http://localhost:8080/v1/bookings
Proxy:			<none>
Request params:	<none>
Query params:	<none>
Form params:	<none>
Path params:	<none>
Headers:		userId=12345
				Accept=application/json, application/javascript, text/javascript, text/json
				Content-Type=application/json
Cookies:		<none>
Multiparts:		<none>
Body:
{
    "eventReference": "c291098f997543e6b5ae3f4d8950b616",
    "bookingType": "REGULAR",
    "totalCapacity": 0,
    "availableCapacity": 0
}
Request method:	POST
Request URI:	http://localhost:8080/v1/bookings
Proxy:			<none>
Request params:	<none>
Query params:	<none>
Form params:	<none>
Path params:	<none>
Headers:		userId=12345
				Accept=application/json, application/javascript, text/javascript, text/json
				Content-Type=application/json
Cookies:		<none>
Multiparts:		<none>
Body:
{
    "eventReference": "c291098f997543e6b5ae3f4d8950b616",
    "bookingType": "REGULAR",
    "totalCapacity": 0,
    "availableCapacity": 0
}
Request method:	POST
Request URI:	http://localhost:8080/v1/bookings
Proxy:			<none>
Request params:	<none>
Query params:	<none>
Form params:	<none>
Path params:	<none>
Headers:		userId=12345
				Accept=application/json, application/javascript, text/javascript, text/json
				Content-Type=application/json
Cookies:		<none>
Multiparts:		<none>
Body:
{
    "eventReference": "c291098f997543e6b5ae3f4d8950b616",
    "bookingType": "REGULAR",
    "totalCapacity": 0,
    "availableCapacity": 0
}
Request method:	POST
Request URI:	http://localhost:8080/v1/bookings
Proxy:			<none>
Request params:	<none>
Query params:	<none>
Form params:	<none>
Path params:	<none>
Headers:		userId=12345
				Accept=application/json, application/javascript, text/javascript, text/json
				Content-Type=application/json
Cookies:		<none>
Multiparts:		<none>
Body:
{
    "eventReference": "c291098f997543e6b5ae3f4d8950b616",
    "bookingType": "REGULAR",
    "totalCapacity": 0,
    "availableCapacity": 0
}
Request method:	POST
Request URI:	http://localhost:8080/v1/bookings
Proxy:			<none>
Request params:	<none>
Query params:	<none>
Form params:	<none>
Path params:	<none>
Headers:		userId=12345
				Accept=application/json, application/javascript, text/javascript, text/json
				Content-Type=application/json
Cookies:		<none>
Multiparts:		<none>
Body:
{
    "eventReference": "c291098f997543e6b5ae3f4d8950b616",
    "bookingType": "REGULAR",
    "totalCapacity": 0,
    "availableCapacity": 0
}
Request method:	POST
Request URI:	http://localhost:8080/v1/bookings
Proxy:			<none>
Request params:	<none>
Query params:	<none>
Form params:	<none>
Path params:	<none>
Headers:		userId=12345
				Accept=application/json, application/javascript, text/javascript, text/json
				Content-Type=application/json
Cookies:		<none>
Multiparts:		<none>
Body:
{
    "eventReference": "c291098f997543e6b5ae3f4d8950b616",
    "bookingType": "REGULAR",
    "totalCapacity": 0,
    "availableCapacity": 0
}
HTTP/1.1 200 
X-Content-Type-Options: nosniff
X-XSS-Protection: 0
Cache-Control: no-cache, no-store, max-age=0, must-revalidate
Pragma: no-cache
Expires: 0
X-Frame-Options: DENY
Content-Type: application/json
Transfer-Encoding: chunked
Date: Tue, 05 Aug 2025 21:41:54 GMT
Keep-Alive: timeout=60
Connection: keep-alive

{
    "reference": "816ad9010d4842fdae43437b8e444fda",
    "createdAt": "2025-08-05T21:41:54.757+00:00",
    "fee": 99.99,
    "status": "SUCCESSFUL",
    "admissionNumber": null,
    "type": "REGULAR",
    "eventName": "Tech Conference 2025",
    "eventVenue": "Convention Center, London"
}
HTTP/1.1 200 
X-Content-Type-Options: nosniff
X-XSS-Protection: 0
Cache-Control: no-cache, no-store, max-age=0, must-revalidate
Pragma: no-cache
Expires: 0
X-Frame-Options: DENY
Content-Type: application/json
Transfer-Encoding: chunked
Date: Tue, 05 Aug 2025 21:41:54 GMT
Keep-Alive: timeout=60
Connection: keep-alive

{
    "reference": "816ad9010d4842fdae43437b8e444fda",
    "createdAt": "2025-08-05T21:41:54.757+00:00",
    "fee": 99.99,
    "status": "SUCCESSFUL",
    "admissionNumber": null,
    "type": "REGULAR",
    "eventName": "Tech Conference 2025",
    "eventVenue": "Convention Center, London"
}
HTTP/1.1 200 
X-Content-Type-Options: nosniff
X-XSS-Protection: 0
Cache-Control: no-cache, no-store, max-age=0, must-revalidate
Pragma: no-cache
Expires: 0
X-Frame-Options: DENY
Content-Type: application/json
Transfer-Encoding: chunked
Date: Tue, 05 Aug 2025 21:41:54 GMT
Keep-Alive: timeout=60
Connection: keep-alive

{
    "reference": "816ad9010d4842fdae43437b8e444fda",
    "createdAt": "2025-08-05T21:41:54.757+00:00",
    "fee": 99.99,
    "status": "SUCCESSFUL",
    "admissionNumber": null,
    "type": "REGULAR",
    "eventName": "Tech Conference 2025",
    "eventVenue": "Convention Center, London"
}
HTTP/1.1 200 
X-Content-Type-Options: nosniff
X-XSS-Protection: 0
Cache-Control: no-cache, no-store, max-age=0, must-revalidate
Pragma: no-cache
Expires: 0
X-Frame-Options: DENY
Content-Type: application/json
Transfer-Encoding: chunked
Date: Tue, 05 Aug 2025 21:41:54 GMT
Keep-Alive: timeout=60
Connection: keep-alive

{
    "reference": "816ad9010d4842fdae43437b8e444fda",
    "createdAt": "2025-08-05T21:41:54.757+00:00",
    "fee": 99.99,
    "status": "SUCCESSFUL",
    "admissionNumber": null,
    "type": "REGULAR",
    "eventName": "Tech Conference 2025",
    "eventVenue": "Convention Center, London"
}
HTTP/1.1 200 
X-Content-Type-Options: nosniff
X-XSS-Protection: 0
Cache-Control: no-cache, no-store, max-age=0, must-revalidate
Pragma: no-cache
Expires: 0
X-Frame-Options: DENY
Content-Type: application/json
Transfer-Encoding: chunked
Date: Tue, 05 Aug 2025 21:41:54 GMT
Keep-Alive: timeout=60
Connection: keep-alive

{
    "reference": "816ad9010d4842fdae43437b8e444fda",
    "createdAt": "2025-08-05T21:41:54.757+00:00",
    "fee": 99.99,
    "status": "SUCCESSFUL",
    "admissionNumber": null,
    "type": "REGULAR",
    "eventName": "Tech Conference 2025",
    "eventVenue": "Convention Center, London"
}
HTTP/1.1 200 
X-Content-Type-Options: nosniff
X-XSS-Protection: 0
Cache-Control: no-cache, no-store, max-age=0, must-revalidate
Pragma: no-cache
Expires: 0
X-Frame-Options: DENY
Content-Type: application/json
Transfer-Encoding: chunked
Date: Tue, 05 Aug 2025 21:41:54 GMT
Keep-Alive: timeout=60
Connection: keep-alive

{
    "reference": "816ad9010d4842fdae43437b8e444fda",
    "createdAt": "2025-08-05T21:41:54.757+00:00",
    "fee": 99.99,
    "status": "SUCCESSFUL",
    "admissionNumber": null,
    "type": "REGULAR",
    "eventName": "Tech Conference 2025",
    "eventVenue": "Convention Center, London"
}
HTTP/1.1 200 
X-Content-Type-Options: nosniff
X-XSS-Protection: 0
Cache-Control: no-cache, no-store, max-age=0, must-revalidate
Pragma: no-cache
Expires: 0
X-Frame-Options: DENY
Content-Type: application/json
Transfer-Encoding: chunked
Date: Tue, 05 Aug 2025 21:41:54 GMT
Keep-Alive: timeout=60
Connection: keep-alive

{
    "reference": "816ad9010d4842fdae43437b8e444fda",
    "createdAt": "2025-08-05T21:41:54.757+00:00",
    "fee": 99.99,
    "status": "SUCCESSFUL",
    "admissionNumber": null,
    "type": "REGULAR",
    "eventName": "Tech Conference 2025",
    "eventVenue": "Convention Center, London"
}
Request method:	GET
Request URI:	http://localhost:8080/v1/events
Proxy:			<none>
Request params:	<none>
Query params:	<none>
Form params:	<none>
Path params:	<none>
Headers:		Accept=*/*
Cookies:		<none>
Multiparts:		<none>
Body:			<none>
Request method:	GET
Request URI:	http://localhost:8080/v1/events
Proxy:			<none>
Request params:	<none>
Query params:	<none>
Form params:	<none>
Path params:	<none>
Headers:		Accept=*/*
Cookies:		<none>
Multiparts:		<none>
Body:			<none>
Request method:	GET
Request URI:	http://localhost:8080/v1/events
Proxy:			<none>
Request params:	<none>
Query params:	<none>
Form params:	<none>
Path params:	<none>
Headers:		Accept=*/*
Cookies:		<none>
Multiparts:		<none>
Body:			<none>
Request method:	GET
Request URI:	http://localhost:8080/v1/events
Proxy:			<none>
Request params:	<none>
Query params:	<none>
Form params:	<none>
Path params:	<none>
Headers:		Accept=*/*
Cookies:		<none>
Multiparts:		<none>
Body:			<none>
Request method:	GET
Request URI:	http://localhost:8080/v1/events
Proxy:			<none>
Request params:	<none>
Query params:	<none>
Form params:	<none>
Path params:	<none>
Headers:		Accept=*/*
Cookies:		<none>
Multiparts:		<none>
Body:			<none>
Request method:	GET
Request URI:	http://localhost:8080/v1/events
Proxy:			<none>
Request params:	<none>
Query params:	<none>
Form params:	<none>
Path params:	<none>
Headers:		Accept=*/*
Cookies:		<none>
Multiparts:		<none>
Body:			<none>
Request method:	GET
Request URI:	http://localhost:8080/v1/events
Proxy:			<none>
Request params:	<none>
Query params:	<none>
Form params:	<none>
Path params:	<none>
Headers:		Accept=*/*
Cookies:		<none>
Multiparts:		<none>
Body:			<none>
HTTP/1.1 200 
X-Content-Type-Options: nosniff
X-XSS-Protection: 0
Cache-Control: no-cache, no-store, max-age=0, must-revalidate
Pragma: no-cache
Expires: 0
X-Frame-Options: DENY
Content-Type: application/json
Transfer-Encoding: chunked
Date: Tue, 05 Aug 2025 21:41:54 GMT
Keep-Alive: timeout=60
Connection: keep-alive

{
    "status": "SUCCESS",
    "data": [
        {
            "theme": "Tech Conference 2025",
            "reference": "c291098f997543e6b5ae3f4d8950b616",
            "createdAt": null,
            "amount": 99.99,
            "status": "OPEN",
            "venue": "Convention Center, London",
            "totalCapacity": 500,
            "availableCapacity": 416,
            "startTime": "2025-08-10T09:00:00.000+00:00",
            "endTime": "2026-08-10T17:00:00.000+00:00"
        },
        {
            "theme": "Music Festival",
            "reference": "550e8400-e29b-41d4-a716-446655440000",
            "createdAt": null,
            "amount": 55.00,
            "status": "FULLY_BOOKED",
            "venue": "Open Air Stage",
            "totalCapacity": 500,
            "availableCapacity": 0,
            "startTime": "2025-08-01T14:00:00.000+00:00",
            "endTime": "2025-08-01T22:00:00.000+00:00"
        },
        {
            "theme": "Tech Conference",
            "reference": "3fa85f64-5717-4562-b3fc-2c963f66afa6",
            "createdAt": null,
            "amount": 30.00,
            "status": "OPEN",
            "venue": "Convention Center A",
            "totalCapacity": 100,
            "availableCapacity": 31,
            "startTime": "2025-06-10T08:00:00.000+00:00",
            "endTime": "2025-06-10T16:00:00.000+00:00"
        },
        {
            "theme": "Art Showcase",
            "reference": "123e4567-e89b-12d3-a456-426614174000",
            "createdAt": null,
            "amount": 20.00,
            "status": "OPEN",
            "venue": "Gallery District",
            "totalCapacity": 80,
            "availableCapacity": 35,
            "startTime": "2025-07-15T10:00:00.000+00:00",
            "endTime": "2025-07-15T16:00:00.000+00:00"
        },
        {
            "theme": "AI Summit",
            "reference": "c0a8015a-000f-11ee-be56-0242ac120002",
            "createdAt": null,
            "amount": 75.00,
            "status": "FULLY_BOOKED",
            "venue": "Tech Pavilion",
            "totalCapacity": 200,
            "availableCapacity": 0,
            "startTime": "2025-07-01T09:00:00.000+00:00",
            "endTime": "2025-07-01T17:00:00.000+00:00"
        }
    ],
    "hasMore": false,
    "currentPage": 0,
    "totalPages": 1,
    "totalItems": 5
}
HTTP/1.1 200 
X-Content-Type-Options: nosniff
X-XSS-Protection: 0
Cache-Control: no-cache, no-store, max-age=0, must-revalidate
Pragma: no-cache
Expires: 0
X-Frame-Options: DENY
Content-Type: application/json
Transfer-Encoding: chunked
Date: Tue, 05 Aug 2025 21:41:54 GMT
Keep-Alive: timeout=60
Connection: keep-alive

{
    "status": "SUCCESS",
    "data": [
        {
            "theme": "Tech Conference 2025",
            "reference": "c291098f997543e6b5ae3f4d8950b616",
            "createdAt": null,
            "amount": 99.99,
            "status": "OPEN",
            "venue": "Convention Center, London",
            "totalCapacity": 500,
            "availableCapacity": 416,
            "startTime": "2025-08-10T09:00:00.000+00:00",
            "endTime": "2026-08-10T17:00:00.000+00:00"
        },
        {
            "theme": "Music Festival",
            "reference": "550e8400-e29b-41d4-a716-446655440000",
            "createdAt": null,
            "amount": 55.00,
            "status": "FULLY_BOOKED",
            "venue": "Open Air Stage",
            "totalCapacity": 500,
            "availableCapacity": 0,
            "startTime": "2025-08-01T14:00:00.000+00:00",
            "endTime": "2025-08-01T22:00:00.000+00:00"
        },
        {
            "theme": "Tech Conference",
            "reference": "3fa85f64-5717-4562-b3fc-2c963f66afa6",
            "createdAt": null,
            "amount": 30.00,
            "status": "OPEN",
            "venue": "Convention Center A",
            "totalCapacity": 100,
            "availableCapacity": 31,
            "startTime": "2025-06-10T08:00:00.000+00:00",
            "endTime": "2025-06-10T16:00:00.000+00:00"
        },
        {
            "theme": "Art Showcase",
            "reference": "123e4567-e89b-12d3-a456-426614174000",
            "createdAt": null,
            "amount": 20.00,
            "status": "OPEN",
            "venue": "Gallery District",
            "totalCapacity": 80,
            "availableCapacity": 35,
            "startTime": "2025-07-15T10:00:00.000+00:00",
            "endTime": "2025-07-15T16:00:00.000+00:00"
        },
        {
            "theme": "AI Summit",
            "reference": "c0a8015a-000f-11ee-be56-0242ac120002",
            "createdAt": null,
            "amount": 75.00,
            "status": "FULLY_BOOKED",
            "venue": "Tech Pavilion",
            "totalCapacity": 200,
            "availableCapacity": 0,
            "startTime": "2025-07-01T09:00:00.000+00:00",
            "endTime": "2025-07-01T17:00:00.000+00:00"
        }
    ],
    "hasMore": false,
    "currentPage": 0,
    "totalPages": 1,
    "totalItems": 5
}
HTTP/1.1 200 
X-Content-Type-Options: nosniff
X-XSS-Protection: 0
Cache-Control: no-cache, no-store, max-age=0, must-revalidate
Pragma: no-cache
Expires: 0
X-Frame-Options: DENY
Content-Type: application/json
Transfer-Encoding: chunked
Date: Tue, 05 Aug 2025 21:41:54 GMT
Keep-Alive: timeout=60
Connection: keep-alive

{
    "status": "SUCCESS",
    "data": [
        {
            "theme": "Tech Conference 2025",
            "reference": "c291098f997543e6b5ae3f4d8950b616",
            "createdAt": null,
            "amount": 99.99,
            "status": "OPEN",
            "venue": "Convention Center, London",
            "totalCapacity": 500,
            "availableCapacity": 416,
            "startTime": "2025-08-10T09:00:00.000+00:00",
            "endTime": "2026-08-10T17:00:00.000+00:00"
        },
        {
            "theme": "Music Festival",
            "reference": "550e8400-e29b-41d4-a716-446655440000",
            "createdAt": null,
            "amount": 55.00,
            "status": "FULLY_BOOKED",
            "venue": "Open Air Stage",
            "totalCapacity": 500,
            "availableCapacity": 0,
            "startTime": "2025-08-01T14:00:00.000+00:00",
            "endTime": "2025-08-01T22:00:00.000+00:00"
        },
        {
            "theme": "Tech Conference",
            "reference": "3fa85f64-5717-4562-b3fc-2c963f66afa6",
            "createdAt": null,
            "amount": 30.00,
            "status": "OPEN",
            "venue": "Convention Center A",
            "totalCapacity": 100,
            "availableCapacity": 31,
            "startTime": "2025-06-10T08:00:00.000+00:00",
            "endTime": "2025-06-10T16:00:00.000+00:00"
        },
        {
            "theme": "Art Showcase",
            "reference": "123e4567-e89b-12d3-a456-426614174000",
            "createdAt": null,
            "amount": 20.00,
            "status": "OPEN",
            "venue": "Gallery District",
            "totalCapacity": 80,
            "availableCapacity": 35,
            "startTime": "2025-07-15T10:00:00.000+00:00",
            "endTime": "2025-07-15T16:00:00.000+00:00"
        },
        {
            "theme": "AI Summit",
            "reference": "c0a8015a-000f-11ee-be56-0242ac120002",
            "createdAt": null,
            "amount": 75.00,
            "status": "FULLY_BOOKED",
            "venue": "Tech Pavilion",
            "totalCapacity": 200,
            "availableCapacity": 0,
            "startTime": "2025-07-01T09:00:00.000+00:00",
            "endTime": "2025-07-01T17:00:00.000+00:00"
        }
    ],
    "hasMore": false,
    "currentPage": 0,
    "totalPages": 1,
    "totalItems": 5
}
HTTP/1.1 200 
X-Content-Type-Options: nosniff
X-XSS-Protection: 0
Cache-Control: no-cache, no-store, max-age=0, must-revalidate
Pragma: no-cache
Expires: 0
X-Frame-Options: DENY
Content-Type: application/json
Transfer-Encoding: chunked
Date: Tue, 05 Aug 2025 21:41:54 GMT
Keep-Alive: timeout=60
Connection: keep-alive

{
    "status": "SUCCESS",
    "data": [
        {
            "theme": "Tech Conference 2025",
            "reference": "c291098f997543e6b5ae3f4d8950b616",
            "createdAt": null,
            "amount": 99.99,
            "status": "OPEN",
            "venue": "Convention Center, London",
            "totalCapacity": 500,
            "availableCapacity": 416,
            "startTime": "2025-08-10T09:00:00.000+00:00",
            "endTime": "2026-08-10T17:00:00.000+00:00"
        },
        {
            "theme": "Music Festival",
            "reference": "550e8400-e29b-41d4-a716-446655440000",
            "createdAt": null,
            "amount": 55.00,
            "status": "FULLY_BOOKED",
            "venue": "Open Air Stage",
            "totalCapacity": 500,
            "availableCapacity": 0,
            "startTime": "2025-08-01T14:00:00.000+00:00",
            "endTime": "2025-08-01T22:00:00.000+00:00"
        },
        {
            "theme": "Tech Conference",
            "reference": "3fa85f64-5717-4562-b3fc-2c963f66afa6",
            "createdAt": null,
            "amount": 30.00,
            "status": "OPEN",
            "venue": "Convention Center A",
            "totalCapacity": 100,
            "availableCapacity": 31,
            "startTime": "2025-06-10T08:00:00.000+00:00",
            "endTime": "2025-06-10T16:00:00.000+00:00"
        },
        {
            "theme": "Art Showcase",
            "reference": "123e4567-e89b-12d3-a456-426614174000",
            "createdAt": null,
            "amount": 20.00,
            "status": "OPEN",
            "venue": "Gallery District",
            "totalCapacity": 80,
            "availableCapacity": 35,
            "startTime": "2025-07-15T10:00:00.000+00:00",
            "endTime": "2025-07-15T16:00:00.000+00:00"
        },
        {
            "theme": "AI Summit",
            "reference": "c0a8015a-000f-11ee-be56-0242ac120002",
            "createdAt": null,
            "amount": 75.00,
            "status": "FULLY_BOOKED",
            "venue": "Tech Pavilion",
            "totalCapacity": 200,
            "availableCapacity": 0,
            "startTime": "2025-07-01T09:00:00.000+00:00",
            "endTime": "2025-07-01T17:00:00.000+00:00"
        }
    ],
    "hasMore": false,
    "currentPage": 0,
    "totalPages": 1,
    "totalItems": 5
}
HTTP/1.1 200 
X-Content-Type-Options: nosniff
X-XSS-Protection: 0
Cache-Control: no-cache, no-store, max-age=0, must-revalidate
Pragma: no-cache
Expires: 0
X-Frame-Options: DENY
Content-Type: application/json
Transfer-Encoding: chunked
Date: Tue, 05 Aug 2025 21:41:54 GMT
Keep-Alive: timeout=60
Connection: keep-alive

{
    "status": "SUCCESS",
    "data": [
        {
            "theme": "Tech Conference 2025",
            "reference": "c291098f997543e6b5ae3f4d8950b616",
            "createdAt": null,
            "amount": 99.99,
            "status": "OPEN",
            "venue": "Convention Center, London",
            "totalCapacity": 500,
            "availableCapacity": 416,
            "startTime": "2025-08-10T09:00:00.000+00:00",
            "endTime": "2026-08-10T17:00:00.000+00:00"
        },
        {
            "theme": "Music Festival",
            "reference": "550e8400-e29b-41d4-a716-446655440000",
            "createdAt": null,
            "amount": 55.00,
            "status": "FULLY_BOOKED",
            "venue": "Open Air Stage",
            "totalCapacity": 500,
            "availableCapacity": 0,
            "startTime": "2025-08-01T14:00:00.000+00:00",
            "endTime": "2025-08-01T22:00:00.000+00:00"
        },
        {
            "theme": "Tech Conference",
            "reference": "3fa85f64-5717-4562-b3fc-2c963f66afa6",
            "createdAt": null,
            "amount": 30.00,
            "status": "OPEN",
            "venue": "Convention Center A",
            "totalCapacity": 100,
            "availableCapacity": 31,
            "startTime": "2025-06-10T08:00:00.000+00:00",
            "endTime": "2025-06-10T16:00:00.000+00:00"
        },
        {
            "theme": "Art Showcase",
            "reference": "123e4567-e89b-12d3-a456-426614174000",
            "createdAt": null,
            "amount": 20.00,
            "status": "OPEN",
            "venue": "Gallery District",
            "totalCapacity": 80,
            "availableCapacity": 35,
            "startTime": "2025-07-15T10:00:00.000+00:00",
            "endTime": "2025-07-15T16:00:00.000+00:00"
        },
        {
            "theme": "AI Summit",
            "reference": "c0a8015a-000f-11ee-be56-0242ac120002",
            "createdAt": null,
            "amount": 75.00,
            "status": "FULLY_BOOKED",
            "venue": "Tech Pavilion",
            "totalCapacity": 200,
            "availableCapacity": 0,
            "startTime": "2025-07-01T09:00:00.000+00:00",
            "endTime": "2025-07-01T17:00:00.000+00:00"
        }
    ],
    "hasMore": false,
    "currentPage": 0,
    "totalPages": 1,
    "totalItems": 5
}
HTTP/1.1 200 
X-Content-Type-Options: nosniff
X-XSS-Protection: 0
Cache-Control: no-cache, no-store, max-age=0, must-revalidate
Pragma: no-cache
Expires: 0
X-Frame-Options: DENY
Content-Type: application/json
Transfer-Encoding: chunked
Date: Tue, 05 Aug 2025 21:41:54 GMT
Keep-Alive: timeout=60
Connection: keep-alive

{
    "status": "SUCCESS",
    "data": [
        {
            "theme": "Tech Conference 2025",
            "reference": "c291098f997543e6b5ae3f4d8950b616",
            "createdAt": null,
            "amount": 99.99,
            "status": "OPEN",
            "venue": "Convention Center, London",
            "totalCapacity": 500,
            "availableCapacity": 416,
            "startTime": "2025-08-10T09:00:00.000+00:00",
            "endTime": "2026-08-10T17:00:00.000+00:00"
        },
        {
            "theme": "Music Festival",
            "reference": "550e8400-e29b-41d4-a716-446655440000",
            "createdAt": null,
            "amount": 55.00,
            "status": "FULLY_BOOKED",
            "venue": "Open Air Stage",
            "totalCapacity": 500,
            "availableCapacity": 0,
            "startTime": "2025-08-01T14:00:00.000+00:00",
            "endTime": "2025-08-01T22:00:00.000+00:00"
        },
        {
            "theme": "Tech Conference",
            "reference": "3fa85f64-5717-4562-b3fc-2c963f66afa6",
            "createdAt": null,
            "amount": 30.00,
            "status": "OPEN",
            "venue": "Convention Center A",
            "totalCapacity": 100,
            "availableCapacity": 31,
            "startTime": "2025-06-10T08:00:00.000+00:00",
            "endTime": "2025-06-10T16:00:00.000+00:00"
        },
        {
            "theme": "Art Showcase",
            "reference": "123e4567-e89b-12d3-a456-426614174000",
            "createdAt": null,
            "amount": 20.00,
            "status": "OPEN",
            "venue": "Gallery District",
            "totalCapacity": 80,
            "availableCapacity": 35,
            "startTime": "2025-07-15T10:00:00.000+00:00",
            "endTime": "2025-07-15T16:00:00.000+00:00"
        },
        {
            "theme": "AI Summit",
            "reference": "c0a8015a-000f-11ee-be56-0242ac120002",
            "createdAt": null,
            "amount": 75.00,
            "status": "FULLY_BOOKED",
            "venue": "Tech Pavilion",
            "totalCapacity": 200,
            "availableCapacity": 0,
            "startTime": "2025-07-01T09:00:00.000+00:00",
            "endTime": "2025-07-01T17:00:00.000+00:00"
        }
    ],
    "hasMore": false,
    "currentPage": 0,
    "totalPages": 1,
    "totalItems": 5
}
HTTP/1.1 200 
X-Content-Type-Options: nosniff
X-XSS-Protection: 0
Cache-Control: no-cache, no-store, max-age=0, must-revalidate
Pragma: no-cache
Expires: 0
X-Frame-Options: DENY
Content-Type: application/json
Transfer-Encoding: chunked
Date: Tue, 05 Aug 2025 21:41:54 GMT
Keep-Alive: timeout=60
Connection: keep-alive

{
    "status": "SUCCESS",
    "data": [
        {
            "theme": "Tech Conference 2025",
            "reference": "c291098f997543e6b5ae3f4d8950b616",
            "createdAt": null,
            "amount": 99.99,
            "status": "OPEN",
            "venue": "Convention Center, London",
            "totalCapacity": 500,
            "availableCapacity": 416,
            "startTime": "2025-08-10T09:00:00.000+00:00",
            "endTime": "2026-08-10T17:00:00.000+00:00"
        },
        {
            "theme": "Music Festival",
            "reference": "550e8400-e29b-41d4-a716-446655440000",
            "createdAt": null,
            "amount": 55.00,
            "status": "FULLY_BOOKED",
            "venue": "Open Air Stage",
            "totalCapacity": 500,
            "availableCapacity": 0,
            "startTime": "2025-08-01T14:00:00.000+00:00",
            "endTime": "2025-08-01T22:00:00.000+00:00"
        },
        {
            "theme": "Tech Conference",
            "reference": "3fa85f64-5717-4562-b3fc-2c963f66afa6",
            "createdAt": null,
            "amount": 30.00,
            "status": "OPEN",
            "venue": "Convention Center A",
            "totalCapacity": 100,
            "availableCapacity": 31,
            "startTime": "2025-06-10T08:00:00.000+00:00",
            "endTime": "2025-06-10T16:00:00.000+00:00"
        },
        {
            "theme": "Art Showcase",
            "reference": "123e4567-e89b-12d3-a456-426614174000",
            "createdAt": null,
            "amount": 20.00,
            "status": "OPEN",
            "venue": "Gallery District",
            "totalCapacity": 80,
            "availableCapacity": 35,
            "startTime": "2025-07-15T10:00:00.000+00:00",
            "endTime": "2025-07-15T16:00:00.000+00:00"
        },
        {
            "theme": "AI Summit",
            "reference": "c0a8015a-000f-11ee-be56-0242ac120002",
            "createdAt": null,
            "amount": 75.00,
            "status": "FULLY_BOOKED",
            "venue": "Tech Pavilion",
            "totalCapacity": 200,
            "availableCapacity": 0,
            "startTime": "2025-07-01T09:00:00.000+00:00",
            "endTime": "2025-07-01T17:00:00.000+00:00"
        }
    ],
    "hasMore": false,
    "currentPage": 0,
    "totalPages": 1,
    "totalItems": 5
}
]]></system-out>
  </testcase>
</testsuite>