<?xml version="1.0" encoding="UTF-8"?>
<!-- Generated by org.testng.reporters.JUnitReportReporter -->
<testsuite hostname="Daves-MacBook-Pro-3.local" failures="0" tests="7" name="testEndPoints.EventManagerEndPointTests" time="1.152" errors="0" timestamp="2025-08-05T21:54:30 BST" skipped="0">
  <testcase classname="testEndPoints.EventManagerEndPointTests" name="testGetRequest" time="0.781"/>
  <system-out/>
  <testcase classname="testEndPoints.EventManagerEndPointTests" name="createNewBookingTest" time="0.145"/>
  <system-out/>
  <testcase classname="testEndPoints.EventManagerEndPointTests" name="cancelBookingTest" time="0.030"/>
  <system-out/>
  <testcase classname="testEndPoints.EventManagerEndPointTests" name="parameterizationTest" time="0.033"/>
  <system-out/>
  <testcase classname="testEndPoints.EventManagerEndPointTests" name="testWithDifferentBooKingTypes" time="0.033"/>
  <system-out/>
  <testcase classname="testEndPoints.EventManagerEndPointTests" name="testWithDifferentBooKingTypes" time="0.037"/>
  <system-out/>
  <testcase classname="testEndPoints.EventManagerEndPointTests" name="testAvailableCapacityReducesAfterBooking" time="0.093"/>
  <system-out/>
</testsuite> <!-- testEndPoints.EventManagerEndPointTests -->
