<?xml version="1.0" encoding="UTF-8"?>
<!-- Generated by org.testng.reporters.JUnitReportReporter -->
<testsuite hostname="Daves-MacBook-Pro-3.local" failures="0" tests="7" name="testEndPoints.EventManagerEndPointTests" time="1.015" errors="0" timestamp="2025-08-06T19:52:04 BST" skipped="0">
  <testcase classname="testEndPoints.EventManagerEndPointTests" name="testGetRequest" time="0.690"/>
  <system-out/>
  <testcase classname="testEndPoints.EventManagerEndPointTests" name="createNewBookingTest" time="0.129"/>
  <system-out/>
  <testcase classname="testEndPoints.EventManagerEndPointTests" name="cancelBookingTest" time="0.019"/>
  <system-out/>
  <testcase classname="testEndPoints.EventManagerEndPointTests" name="parameterizationTest" time="0.040"/>
  <system-out/>
  <testcase classname="testEndPoints.EventManagerEndPointTests" name="testWithDifferentBooKingTypes" time="0.032"/>
  <system-out/>
  <testcase classname="testEndPoints.EventManagerEndPointTests" name="testWithDifferentBooKingTypes" time="0.034"/>
  <system-out/>
  <testcase classname="testEndPoints.EventManagerEndPointTests" name="testAvailableCapacityReducesAfterBooking" time="0.071"/>
  <system-out/>
</testsuite> <!-- testEndPoints.EventManagerEndPointTests -->
