<?xml version="1.0" encoding="UTF-8"?>
<!-- Generated by org.testng.reporters.JUnitReportReporter -->
<testsuite hostname="Daves-MacBook-Pro-3.local" failures="0" tests="7" name="testEndPoints.EventManagerEndPointTests" time="1.205" errors="0" timestamp="2025-08-05T22:41:54 BST" skipped="0">
  <testcase classname="testEndPoints.EventManagerEndPointTests" name="testGetRequest" time="0.882"/>
  <system-out/>
  <testcase classname="testEndPoints.EventManagerEndPointTests" name="createNewBookingTest" time="0.132"/>
  <system-out/>
  <testcase classname="testEndPoints.EventManagerEndPointTests" name="cancelBookingTest" time="0.017"/>
  <system-out/>
  <testcase classname="testEndPoints.EventManagerEndPointTests" name="parameterizationTest" time="0.036"/>
  <system-out/>
  <testcase classname="testEndPoints.EventManagerEndPointTests" name="testWithDifferentBooKingTypes" time="0.040"/>
  <system-out/>
  <testcase classname="testEndPoints.EventManagerEndPointTests" name="testWithDifferentBooKingTypes" time="0.034"/>
  <system-out/>
  <testcase classname="testEndPoints.EventManagerEndPointTests" name="testAvailableCapacityReducesAfterBooking" time="0.064"/>
  <system-out/>
</testsuite> <!-- testEndPoints.EventManagerEndPointTests -->
