<?xml version="1.0" encoding="UTF-8"?>
<!-- Generated by org.testng.reporters.JUnitReportReporter -->
<testsuite hostname="Daves-MacBook-Pro-3.local" failures="0" tests="7" name="testEndPoints.EventManagerEndPointTests" time="0.995" errors="0" timestamp="2025-08-06T21:28:19 BST" skipped="0">
  <testcase classname="testEndPoints.EventManagerEndPointTests" name="testGetRequest" time="0.703"/>
  <system-out/>
  <testcase classname="testEndPoints.EventManagerEndPointTests" name="createNewBookingTest" time="0.132"/>
  <system-out/>
  <testcase classname="testEndPoints.EventManagerEndPointTests" name="cancelBookingTest" time="0.017"/>
  <system-out/>
  <testcase classname="testEndPoints.EventManagerEndPointTests" name="parameterizationTest" time="0.033"/>
  <system-out/>
  <testcase classname="testEndPoints.EventManagerEndPointTests" name="testWithDifferentBookingTypes" time="0.029"/>
  <system-out/>
  <testcase classname="testEndPoints.EventManagerEndPointTests" name="testWithDifferentBookingTypes" time="0.029"/>
  <system-out/>
  <testcase classname="testEndPoints.EventManagerEndPointTests" name="testAvailableCapacityReducesAfterBooking" time="0.052"/>
  <system-out/>
</testsuite> <!-- testEndPoints.EventManagerEndPointTests -->
